
[2017-07-11 15:30:19] Beginning TopHat run (v2.0.14)
-----------------------------------------------
[2017-07-11 15:30:19] Checking for Bowtie
		  Bowtie version:	 2.3.2.0
[2017-07-11 15:30:19] Checking for Bowtie index files (genome)..
[2017-07-11 15:30:19] Checking for reference FASTA file
[2017-07-11 15:30:19] Generating SAM header for /Users/Pranav/Documents/Research/AnalysisResults/Reference/Mus_musculus_UCSC_mm10/Mus_musculus/UCSC/mm10/Sequence/Bowtie2Index/genome
[2017-07-11 15:30:29] Reading known junctions from GTF file
[2017-07-11 15:30:34] Preparing reads
	 left reads: min. length=32, max. length=76, 9349 kept reads (60 discarded)
[2017-07-11 15:30:35] Building transcriptome data files /Users/Pranav/Documents/Research/AnalysisResults/Align/cell46/tmp/genes
[2017-07-11 15:30:53] Building Bowtie index from genes.fa
[2017-07-11 15:36:12] Mapping left_kept_reads to transcriptome genes with Bowtie2 
[2017-07-11 15:36:14] Resuming TopHat pipeline with unmapped reads
[2017-07-11 15:36:14] Mapping left_kept_reads.m2g_um to genome genome with Bowtie2 
[2017-07-11 15:36:22] Mapping left_kept_reads.m2g_um_seg1 to genome genome with Bowtie2 (1/3)
[2017-07-11 15:36:31] Mapping left_kept_reads.m2g_um_seg2 to genome genome with Bowtie2 (2/3)
[2017-07-11 15:36:38] Mapping left_kept_reads.m2g_um_seg3 to genome genome with Bowtie2 (3/3)
[2017-07-11 15:36:45] Retrieving sequences for splices
[2017-07-11 15:38:20] Indexing splices
[2017-07-11 15:38:31] Mapping left_kept_reads.m2g_um_seg1 to genome segment_juncs with Bowtie2 (1/3)
[2017-07-11 15:38:33] Mapping left_kept_reads.m2g_um_seg2 to genome segment_juncs with Bowtie2 (2/3)
[2017-07-11 15:38:35] Mapping left_kept_reads.m2g_um_seg3 to genome segment_juncs with Bowtie2 (3/3)
[2017-07-11 15:38:37] Joining segment hits
[2017-07-11 15:40:09] Reporting output tracks
-----------------------------------------------
[2017-07-11 15:41:41] A summary of the alignment counts can be found in /Users/Pranav/Documents/Research/AnalysisResults/Align/cell46/align_summary.txt
[2017-07-11 15:41:41] Run complete: 00:11:22 elapsed
