
[2017-07-10 17:45:34] Beginning TopHat run (v2.0.14)
-----------------------------------------------
[2017-07-10 17:45:34] Checking for Bowtie
		  Bowtie version:	 2.3.2.0
[2017-07-10 17:45:34] Checking for Bowtie index files (genome)..
[2017-07-10 17:45:34] Checking for reference FASTA file
[2017-07-10 17:45:34] Generating SAM header for /Users/Pranav/Documents/Research/AnalysisResults/Reference/Mus_musculus_UCSC_mm10/Mus_musculus/UCSC/mm10/Sequence/Bowtie2Index/genome
[2017-07-10 17:45:41] Reading known junctions from GTF file
[2017-07-10 17:45:47] Preparing reads
	 left reads: min. length=71, max. length=76, 2438 kept reads (17 discarded)
[2017-07-10 17:45:47] Building transcriptome data files /Users/Pranav/Documents/Research/AnalysisResults/Align/cell7/tmp/genes
[2017-07-10 17:46:07] Building Bowtie index from genes.fa
[2017-07-10 17:52:02] Mapping left_kept_reads to transcriptome genes with Bowtie2 
[2017-07-10 17:52:04] Resuming TopHat pipeline with unmapped reads
[2017-07-10 17:52:04] Mapping left_kept_reads.m2g_um to genome genome with Bowtie2 
[2017-07-10 17:52:13] Mapping left_kept_reads.m2g_um_seg1 to genome genome with Bowtie2 (1/3)
[2017-07-10 17:52:25] Mapping left_kept_reads.m2g_um_seg2 to genome genome with Bowtie2 (2/3)
[2017-07-10 17:52:36] Mapping left_kept_reads.m2g_um_seg3 to genome genome with Bowtie2 (3/3)
[2017-07-10 17:52:48] Retrieving sequences for splices
[2017-07-10 18:35:40] Indexing splices
[2017-07-10 18:35:51] Mapping left_kept_reads.m2g_um_seg1 to genome segment_juncs with Bowtie2 (1/3)
[2017-07-10 18:35:53] Mapping left_kept_reads.m2g_um_seg2 to genome segment_juncs with Bowtie2 (2/3)
[2017-07-10 18:35:56] Mapping left_kept_reads.m2g_um_seg3 to genome segment_juncs with Bowtie2 (3/3)
[2017-07-10 18:35:58] Joining segment hits
[2017-07-10 18:37:33] Reporting output tracks
-----------------------------------------------
[2017-07-10 18:39:09] A summary of the alignment counts can be found in /Users/Pranav/Documents/Research/AnalysisResults/Align/cell7/align_summary.txt
[2017-07-10 18:39:09] Run complete: 00:53:35 elapsed
