
[2017-07-12 01:34:26] Beginning TopHat run (v2.0.14)
-----------------------------------------------
[2017-07-12 01:34:26] Checking for Bowtie
		  Bowtie version:	 2.3.2.0
[2017-07-12 01:34:26] Checking for Bowtie index files (genome)..
[2017-07-12 01:34:26] Checking for reference FASTA file
[2017-07-12 01:34:26] Generating SAM header for /Users/Pranav/Documents/Research/AnalysisResults/Reference/Mus_musculus_UCSC_mm10/Mus_musculus/UCSC/mm10/Sequence/Bowtie2Index/genome
[2017-07-12 01:34:37] Reading known junctions from GTF file
[2017-07-12 01:34:43] Preparing reads
	 left reads: min. length=33, max. length=76, 9903 kept reads (107 discarded)
[2017-07-12 01:34:43] Building transcriptome data files /Users/Pranav/Documents/Research/AnalysisResults/Align/cell82/tmp/genes
[2017-07-12 01:35:01] Building Bowtie index from genes.fa
[2017-07-12 01:40:21] Mapping left_kept_reads to transcriptome genes with Bowtie2 
[2017-07-12 01:40:23] Resuming TopHat pipeline with unmapped reads
[2017-07-12 01:40:23] Mapping left_kept_reads.m2g_um to genome genome with Bowtie2 
[2017-07-12 01:40:31] Mapping left_kept_reads.m2g_um_seg1 to genome genome with Bowtie2 (1/3)
[2017-07-12 01:40:41] Mapping left_kept_reads.m2g_um_seg2 to genome genome with Bowtie2 (2/3)
[2017-07-12 01:40:49] Mapping left_kept_reads.m2g_um_seg3 to genome genome with Bowtie2 (3/3)
[2017-07-12 01:40:57] Retrieving sequences for splices
[2017-07-12 01:42:33] Indexing splices
[2017-07-12 01:42:44] Mapping left_kept_reads.m2g_um_seg1 to genome segment_juncs with Bowtie2 (1/3)
[2017-07-12 01:42:46] Mapping left_kept_reads.m2g_um_seg2 to genome segment_juncs with Bowtie2 (2/3)
[2017-07-12 01:42:48] Mapping left_kept_reads.m2g_um_seg3 to genome segment_juncs with Bowtie2 (3/3)
[2017-07-12 01:42:50] Joining segment hits
[2017-07-12 01:44:22] Reporting output tracks
-----------------------------------------------
[2017-07-12 01:45:54] A summary of the alignment counts can be found in /Users/Pranav/Documents/Research/AnalysisResults/Align/cell82/align_summary.txt
[2017-07-12 01:45:54] Run complete: 00:11:27 elapsed
