
[2017-07-11 18:45:50] Beginning TopHat run (v2.0.14)
-----------------------------------------------
[2017-07-11 18:45:50] Checking for Bowtie
		  Bowtie version:	 2.3.2.0
[2017-07-11 18:45:50] Checking for Bowtie index files (genome)..
[2017-07-11 18:45:50] Checking for reference FASTA file
[2017-07-11 18:45:50] Generating SAM header for /Users/Pranav/Documents/Research/AnalysisResults/Reference/Mus_musculus_UCSC_mm10/Mus_musculus/UCSC/mm10/Sequence/Bowtie2Index/genome
[2017-07-11 18:45:59] Reading known junctions from GTF file
[2017-07-11 18:46:04] Preparing reads
	 left reads: min. length=33, max. length=76, 8611 kept reads (55 discarded)
[2017-07-11 18:46:04] Building transcriptome data files /Users/Pranav/Documents/Research/AnalysisResults/Align/cell61/tmp/genes
[2017-07-11 18:46:23] Building Bowtie index from genes.fa
[2017-07-11 18:51:43] Mapping left_kept_reads to transcriptome genes with Bowtie2 
[2017-07-11 18:51:45] Resuming TopHat pipeline with unmapped reads
[2017-07-11 18:51:45] Mapping left_kept_reads.m2g_um to genome genome with Bowtie2 
[2017-07-11 18:51:52] Mapping left_kept_reads.m2g_um_seg1 to genome genome with Bowtie2 (1/3)
[2017-07-11 18:52:01] Mapping left_kept_reads.m2g_um_seg2 to genome genome with Bowtie2 (2/3)
[2017-07-11 18:52:09] Mapping left_kept_reads.m2g_um_seg3 to genome genome with Bowtie2 (3/3)
[2017-07-11 18:52:16] Retrieving sequences for splices
[2017-07-11 18:53:52] Indexing splices
[2017-07-11 18:54:02] Mapping left_kept_reads.m2g_um_seg1 to genome segment_juncs with Bowtie2 (1/3)
[2017-07-11 18:54:05] Mapping left_kept_reads.m2g_um_seg2 to genome segment_juncs with Bowtie2 (2/3)
[2017-07-11 18:54:07] Mapping left_kept_reads.m2g_um_seg3 to genome segment_juncs with Bowtie2 (3/3)
[2017-07-11 18:54:09] Joining segment hits
[2017-07-11 18:55:41] Reporting output tracks
-----------------------------------------------
[2017-07-11 18:57:12] A summary of the alignment counts can be found in /Users/Pranav/Documents/Research/AnalysisResults/Align/cell61/align_summary.txt
[2017-07-11 18:57:12] Run complete: 00:11:21 elapsed
