
[2017-07-11 19:53:49] Beginning TopHat run (v2.0.14)
-----------------------------------------------
[2017-07-11 19:53:49] Checking for Bowtie
		  Bowtie version:	 2.3.2.0
[2017-07-11 19:53:49] Checking for Bowtie index files (genome)..
[2017-07-11 19:53:49] Checking for reference FASTA file
[2017-07-11 19:53:49] Generating SAM header for /Users/Pranav/Documents/Research/AnalysisResults/Reference/Mus_musculus_UCSC_mm10/Mus_musculus/UCSC/mm10/Sequence/Bowtie2Index/genome
[2017-07-11 19:53:57] Reading known junctions from GTF file
[2017-07-11 19:54:03] Preparing reads
	 left reads: min. length=72, max. length=76, 531 kept reads (3 discarded)
[2017-07-11 19:54:03] Building transcriptome data files /Users/Pranav/Documents/Research/AnalysisResults/Align/cell65/tmp/genes
[2017-07-11 19:54:21] Building Bowtie index from genes.fa
[2017-07-11 19:59:45] Mapping left_kept_reads to transcriptome genes with Bowtie2 
[2017-07-11 19:59:46] Resuming TopHat pipeline with unmapped reads
[2017-07-11 19:59:46] Mapping left_kept_reads.m2g_um to genome genome with Bowtie2 
[2017-07-11 19:59:55] Mapping left_kept_reads.m2g_um_seg1 to genome genome with Bowtie2 (1/3)
[2017-07-11 20:00:04] Mapping left_kept_reads.m2g_um_seg2 to genome genome with Bowtie2 (2/3)
[2017-07-11 20:00:13] Mapping left_kept_reads.m2g_um_seg3 to genome genome with Bowtie2 (3/3)
[2017-07-11 20:00:22] Retrieving sequences for splices
[2017-07-11 20:01:58] Indexing splices
[2017-07-11 20:02:08] Mapping left_kept_reads.m2g_um_seg1 to genome segment_juncs with Bowtie2 (1/3)
[2017-07-11 20:02:10] Mapping left_kept_reads.m2g_um_seg2 to genome segment_juncs with Bowtie2 (2/3)
[2017-07-11 20:02:13] Mapping left_kept_reads.m2g_um_seg3 to genome segment_juncs with Bowtie2 (3/3)
[2017-07-11 20:02:15] Joining segment hits
[2017-07-11 20:03:46] Reporting output tracks
-----------------------------------------------
[2017-07-11 20:05:18] A summary of the alignment counts can be found in /Users/Pranav/Documents/Research/AnalysisResults/Align/cell65/align_summary.txt
[2017-07-11 20:05:18] Run complete: 00:11:28 elapsed
