
[2017-07-11 21:48:40] Beginning TopHat run (v2.0.14)
-----------------------------------------------
[2017-07-11 21:48:40] Checking for Bowtie
		  Bowtie version:	 2.3.2.0
[2017-07-11 21:48:40] Checking for Bowtie index files (genome)..
[2017-07-11 21:48:40] Checking for reference FASTA file
[2017-07-11 21:48:40] Generating SAM header for /Users/Pranav/Documents/Research/AnalysisResults/Reference/Mus_musculus_UCSC_mm10/Mus_musculus/UCSC/mm10/Sequence/Bowtie2Index/genome
[2017-07-11 21:48:50] Reading known junctions from GTF file
[2017-07-11 21:48:55] Preparing reads
	 left reads: min. length=32, max. length=76, 4657 kept reads (60 discarded)
[2017-07-11 21:48:56] Building transcriptome data files /Users/Pranav/Documents/Research/AnalysisResults/Align/cell74/tmp/genes
[2017-07-11 21:49:14] Building Bowtie index from genes.fa
[2017-07-11 21:54:33] Mapping left_kept_reads to transcriptome genes with Bowtie2 
[2017-07-11 21:54:35] Resuming TopHat pipeline with unmapped reads
[2017-07-11 21:54:35] Mapping left_kept_reads.m2g_um to genome genome with Bowtie2 
[2017-07-11 21:54:43] Mapping left_kept_reads.m2g_um_seg1 to genome genome with Bowtie2 (1/3)
[2017-07-11 21:54:52] Mapping left_kept_reads.m2g_um_seg2 to genome genome with Bowtie2 (2/3)
[2017-07-11 21:55:01] Mapping left_kept_reads.m2g_um_seg3 to genome genome with Bowtie2 (3/3)
[2017-07-11 21:55:09] Retrieving sequences for splices
[2017-07-11 21:56:44] Indexing splices
[2017-07-11 21:56:55] Mapping left_kept_reads.m2g_um_seg1 to genome segment_juncs with Bowtie2 (1/3)
[2017-07-11 21:56:57] Mapping left_kept_reads.m2g_um_seg2 to genome segment_juncs with Bowtie2 (2/3)
[2017-07-11 21:56:59] Mapping left_kept_reads.m2g_um_seg3 to genome segment_juncs with Bowtie2 (3/3)
[2017-07-11 21:57:02] Joining segment hits
[2017-07-11 21:58:33] Reporting output tracks
-----------------------------------------------
[2017-07-11 22:00:05] A summary of the alignment counts can be found in /Users/Pranav/Documents/Research/AnalysisResults/Align/cell74/align_summary.txt
[2017-07-11 22:00:05] Run complete: 00:11:24 elapsed
