
[2017-07-11 10:18:51] Beginning TopHat run (v2.0.14)
-----------------------------------------------
[2017-07-11 10:18:51] Checking for Bowtie
		  Bowtie version:	 2.3.2.0
[2017-07-11 10:18:51] Checking for Bowtie index files (genome)..
[2017-07-11 10:18:51] Checking for reference FASTA file
[2017-07-11 10:18:51] Generating SAM header for /Users/Pranav/Documents/Research/AnalysisResults/Reference/Mus_musculus_UCSC_mm10/Mus_musculus/UCSC/mm10/Sequence/Bowtie2Index/genome
[2017-07-11 10:18:59] Reading known junctions from GTF file
[2017-07-11 10:19:05] Preparing reads
	 left reads: min. length=39, max. length=76, 2485 kept reads (19 discarded)
[2017-07-11 10:19:05] Building transcriptome data files /Users/Pranav/Documents/Research/AnalysisResults/Align/cell23/tmp/genes
[2017-07-11 10:19:24] Building Bowtie index from genes.fa
[2017-07-11 10:25:14] Mapping left_kept_reads to transcriptome genes with Bowtie2 
[2017-07-11 10:25:16] Resuming TopHat pipeline with unmapped reads
[2017-07-11 10:25:16] Mapping left_kept_reads.m2g_um to genome genome with Bowtie2 
[2017-07-11 10:25:25] Mapping left_kept_reads.m2g_um_seg1 to genome genome with Bowtie2 (1/3)
[2017-07-11 10:25:34] Mapping left_kept_reads.m2g_um_seg2 to genome genome with Bowtie2 (2/3)
[2017-07-11 10:25:44] Mapping left_kept_reads.m2g_um_seg3 to genome genome with Bowtie2 (3/3)
[2017-07-11 10:25:54] Retrieving sequences for splices
[2017-07-11 10:27:35] Indexing splices
[2017-07-11 10:27:47] Mapping left_kept_reads.m2g_um_seg1 to genome segment_juncs with Bowtie2 (1/3)
[2017-07-11 10:27:50] Mapping left_kept_reads.m2g_um_seg2 to genome segment_juncs with Bowtie2 (2/3)
[2017-07-11 10:27:52] Mapping left_kept_reads.m2g_um_seg3 to genome segment_juncs with Bowtie2 (3/3)
[2017-07-11 10:27:54] Joining segment hits
[2017-07-11 10:29:35] Reporting output tracks
-----------------------------------------------
[2017-07-11 10:31:19] A summary of the alignment counts can be found in /Users/Pranav/Documents/Research/AnalysisResults/Align/cell23/align_summary.txt
[2017-07-11 10:31:19] Run complete: 00:12:28 elapsed
