
[2017-07-11 20:39:57] Beginning TopHat run (v2.0.14)
-----------------------------------------------
[2017-07-11 20:39:57] Checking for Bowtie
		  Bowtie version:	 2.3.2.0
[2017-07-11 20:39:57] Checking for Bowtie index files (genome)..
[2017-07-11 20:39:57] Checking for reference FASTA file
[2017-07-11 20:39:57] Generating SAM header for /Users/Pranav/Documents/Research/AnalysisResults/Reference/Mus_musculus_UCSC_mm10/Mus_musculus/UCSC/mm10/Sequence/Bowtie2Index/genome
[2017-07-11 20:40:05] Reading known junctions from GTF file
[2017-07-11 20:40:10] Preparing reads
	 left reads: min. length=72, max. length=76, 724 kept reads (8 discarded)
[2017-07-11 20:40:10] Building transcriptome data files /Users/Pranav/Documents/Research/AnalysisResults/Align/cell69/tmp/genes
[2017-07-11 20:40:29] Building Bowtie index from genes.fa
[2017-07-11 20:45:49] Mapping left_kept_reads to transcriptome genes with Bowtie2 
[2017-07-11 20:45:51] Resuming TopHat pipeline with unmapped reads
[2017-07-11 20:45:51] Mapping left_kept_reads.m2g_um to genome genome with Bowtie2 
[2017-07-11 20:45:58] Mapping left_kept_reads.m2g_um_seg1 to genome genome with Bowtie2 (1/3)
[2017-07-11 20:46:06] Mapping left_kept_reads.m2g_um_seg2 to genome genome with Bowtie2 (2/3)
[2017-07-11 20:46:15] Mapping left_kept_reads.m2g_um_seg3 to genome genome with Bowtie2 (3/3)
[2017-07-11 20:46:23] Retrieving sequences for splices
[2017-07-11 20:47:58] Indexing splices
[2017-07-11 20:48:09] Mapping left_kept_reads.m2g_um_seg1 to genome segment_juncs with Bowtie2 (1/3)
[2017-07-11 20:48:11] Mapping left_kept_reads.m2g_um_seg2 to genome segment_juncs with Bowtie2 (2/3)
[2017-07-11 20:48:13] Mapping left_kept_reads.m2g_um_seg3 to genome segment_juncs with Bowtie2 (3/3)
[2017-07-11 20:48:15] Joining segment hits
[2017-07-11 20:49:47] Reporting output tracks
-----------------------------------------------
[2017-07-11 20:51:18] A summary of the alignment counts can be found in /Users/Pranav/Documents/Research/AnalysisResults/Align/cell69/align_summary.txt
[2017-07-11 20:51:18] Run complete: 00:11:21 elapsed
