
[2017-07-11 18:11:06] Beginning TopHat run (v2.0.14)
-----------------------------------------------
[2017-07-11 18:11:06] Checking for Bowtie
		  Bowtie version:	 2.3.2.0
[2017-07-11 18:11:06] Checking for Bowtie index files (genome)..
[2017-07-11 18:11:06] Checking for reference FASTA file
[2017-07-11 18:11:06] Generating SAM header for /Users/Pranav/Documents/Research/AnalysisResults/Reference/Mus_musculus_UCSC_mm10/Mus_musculus/UCSC/mm10/Sequence/Bowtie2Index/genome
[2017-07-11 18:11:15] Reading known junctions from GTF file
[2017-07-11 18:11:21] Preparing reads
	 left reads: min. length=32, max. length=76, 160258 kept reads (1124 discarded)
[2017-07-11 18:11:25] Building transcriptome data files /Users/Pranav/Documents/Research/AnalysisResults/Align/cell58/tmp/genes
[2017-07-11 18:11:44] Building Bowtie index from genes.fa
[2017-07-11 18:17:03] Mapping left_kept_reads to transcriptome genes with Bowtie2 
[2017-07-11 18:17:08] Resuming TopHat pipeline with unmapped reads
[2017-07-11 18:17:08] Mapping left_kept_reads.m2g_um to genome genome with Bowtie2 
[2017-07-11 18:17:25] Mapping left_kept_reads.m2g_um_seg1 to genome genome with Bowtie2 (1/3)
[2017-07-11 18:17:39] Mapping left_kept_reads.m2g_um_seg2 to genome genome with Bowtie2 (2/3)
[2017-07-11 18:17:49] Mapping left_kept_reads.m2g_um_seg3 to genome genome with Bowtie2 (3/3)
[2017-07-11 18:18:00] Retrieving sequences for splices
[2017-07-11 18:19:35] Indexing splices
[2017-07-11 18:19:46] Mapping left_kept_reads.m2g_um_seg1 to genome segment_juncs with Bowtie2 (1/3)
[2017-07-11 18:19:49] Mapping left_kept_reads.m2g_um_seg2 to genome segment_juncs with Bowtie2 (2/3)
[2017-07-11 18:19:52] Mapping left_kept_reads.m2g_um_seg3 to genome segment_juncs with Bowtie2 (3/3)
[2017-07-11 18:19:55] Joining segment hits
[2017-07-11 18:21:27] Reporting output tracks
-----------------------------------------------
[2017-07-11 18:23:03] A summary of the alignment counts can be found in /Users/Pranav/Documents/Research/AnalysisResults/Align/cell58/align_summary.txt
[2017-07-11 18:23:03] Run complete: 00:11:56 elapsed
