
[2017-07-12 01:23:02] Beginning TopHat run (v2.0.14)
-----------------------------------------------
[2017-07-12 01:23:02] Checking for Bowtie
		  Bowtie version:	 2.3.2.0
[2017-07-12 01:23:02] Checking for Bowtie index files (genome)..
[2017-07-12 01:23:02] Checking for reference FASTA file
[2017-07-12 01:23:02] Generating SAM header for /Users/Pranav/Documents/Research/AnalysisResults/Reference/Mus_musculus_UCSC_mm10/Mus_musculus/UCSC/mm10/Sequence/Bowtie2Index/genome
[2017-07-12 01:23:11] Reading known junctions from GTF file
[2017-07-12 01:23:16] Preparing reads
	 left reads: min. length=72, max. length=76, 242 kept reads (1 discarded)
[2017-07-12 01:23:16] Building transcriptome data files /Users/Pranav/Documents/Research/AnalysisResults/Align/cell81/tmp/genes
[2017-07-12 01:23:35] Building Bowtie index from genes.fa
[2017-07-12 01:28:55] Mapping left_kept_reads to transcriptome genes with Bowtie2 
[2017-07-12 01:28:57] Resuming TopHat pipeline with unmapped reads
[2017-07-12 01:28:57] Mapping left_kept_reads.m2g_um to genome genome with Bowtie2 
[2017-07-12 01:29:04] Mapping left_kept_reads.m2g_um_seg1 to genome genome with Bowtie2 (1/3)
[2017-07-12 01:29:14] Mapping left_kept_reads.m2g_um_seg2 to genome genome with Bowtie2 (2/3)
[2017-07-12 01:29:22] Mapping left_kept_reads.m2g_um_seg3 to genome genome with Bowtie2 (3/3)
[2017-07-12 01:29:31] Retrieving sequences for splices
[2017-07-12 01:31:06] Indexing splices
[2017-07-12 01:31:17] Mapping left_kept_reads.m2g_um_seg1 to genome segment_juncs with Bowtie2 (1/3)
[2017-07-12 01:31:19] Mapping left_kept_reads.m2g_um_seg2 to genome segment_juncs with Bowtie2 (2/3)
[2017-07-12 01:31:21] Mapping left_kept_reads.m2g_um_seg3 to genome segment_juncs with Bowtie2 (3/3)
[2017-07-12 01:31:23] Joining segment hits
[2017-07-12 01:32:55] Reporting output tracks
-----------------------------------------------
[2017-07-12 01:34:26] A summary of the alignment counts can be found in /Users/Pranav/Documents/Research/AnalysisResults/Align/cell81/align_summary.txt
[2017-07-12 01:34:26] Run complete: 00:11:23 elapsed
