
[2017-07-11 17:02:11] Beginning TopHat run (v2.0.14)
-----------------------------------------------
[2017-07-11 17:02:11] Checking for Bowtie
		  Bowtie version:	 2.3.2.0
[2017-07-11 17:02:11] Checking for Bowtie index files (genome)..
[2017-07-11 17:02:11] Checking for reference FASTA file
[2017-07-11 17:02:11] Generating SAM header for /Users/Pranav/Documents/Research/AnalysisResults/Reference/Mus_musculus_UCSC_mm10/Mus_musculus/UCSC/mm10/Sequence/Bowtie2Index/genome
[2017-07-11 17:02:20] Reading known junctions from GTF file
[2017-07-11 17:02:25] Preparing reads
	 left reads: min. length=32, max. length=76, 14374 kept reads (138 discarded)
[2017-07-11 17:02:26] Building transcriptome data files /Users/Pranav/Documents/Research/AnalysisResults/Align/cell52/tmp/genes
[2017-07-11 17:02:47] Building Bowtie index from genes.fa
[2017-07-11 17:08:08] Mapping left_kept_reads to transcriptome genes with Bowtie2 
[2017-07-11 17:08:09] Resuming TopHat pipeline with unmapped reads
[2017-07-11 17:08:09] Mapping left_kept_reads.m2g_um to genome genome with Bowtie2 
[2017-07-11 17:08:18] Mapping left_kept_reads.m2g_um_seg1 to genome genome with Bowtie2 (1/3)
[2017-07-11 17:08:28] Mapping left_kept_reads.m2g_um_seg2 to genome genome with Bowtie2 (2/3)
[2017-07-11 17:08:35] Mapping left_kept_reads.m2g_um_seg3 to genome genome with Bowtie2 (3/3)
[2017-07-11 17:08:43] Retrieving sequences for splices
[2017-07-11 17:10:22] Indexing splices
[2017-07-11 17:10:32] Mapping left_kept_reads.m2g_um_seg1 to genome segment_juncs with Bowtie2 (1/3)
[2017-07-11 17:10:35] Mapping left_kept_reads.m2g_um_seg2 to genome segment_juncs with Bowtie2 (2/3)
[2017-07-11 17:10:37] Mapping left_kept_reads.m2g_um_seg3 to genome segment_juncs with Bowtie2 (3/3)
[2017-07-11 17:10:39] Joining segment hits
[2017-07-11 17:12:11] Reporting output tracks
-----------------------------------------------
[2017-07-11 17:13:43] A summary of the alignment counts can be found in /Users/Pranav/Documents/Research/AnalysisResults/Align/cell52/align_summary.txt
[2017-07-11 17:13:43] Run complete: 00:11:32 elapsed
