
[2017-07-12 10:57:39] Beginning TopHat run (v2.0.14)
-----------------------------------------------
[2017-07-12 10:57:39] Checking for Bowtie
		  Bowtie version:	 2.3.2.0
[2017-07-12 10:57:39] Checking for Bowtie index files (genome)..
[2017-07-12 10:57:39] Checking for reference FASTA file
[2017-07-12 10:57:39] Generating SAM header for /Users/Pranav/Documents/Research/AnalysisResults/Reference/Mus_musculus_UCSC_mm10/Mus_musculus/UCSC/mm10/Sequence/Bowtie2Index/genome
[2017-07-12 10:57:48] Reading known junctions from GTF file
[2017-07-12 10:57:54] Preparing reads
	 left reads: min. length=32, max. length=76, 15827 kept reads (128 discarded)
[2017-07-12 10:57:54] Building transcriptome data files /Users/Pranav/Documents/Research/AnalysisResults/Align/cell92/tmp/genes
[2017-07-12 10:58:16] Building Bowtie index from genes.fa
[2017-07-12 11:04:02] Mapping left_kept_reads to transcriptome genes with Bowtie2 
[2017-07-12 11:04:04] Resuming TopHat pipeline with unmapped reads
[2017-07-12 11:04:04] Mapping left_kept_reads.m2g_um to genome genome with Bowtie2 
[2017-07-12 11:04:15] Mapping left_kept_reads.m2g_um_seg1 to genome genome with Bowtie2 (1/3)
[2017-07-12 11:04:26] Mapping left_kept_reads.m2g_um_seg2 to genome genome with Bowtie2 (2/3)
[2017-07-12 11:04:37] Mapping left_kept_reads.m2g_um_seg3 to genome genome with Bowtie2 (3/3)
[2017-07-12 11:04:47] Retrieving sequences for splices
[2017-07-12 11:06:25] Indexing splices
[2017-07-12 11:06:36] Mapping left_kept_reads.m2g_um_seg1 to genome segment_juncs with Bowtie2 (1/3)
[2017-07-12 11:06:39] Mapping left_kept_reads.m2g_um_seg2 to genome segment_juncs with Bowtie2 (2/3)
[2017-07-12 11:06:41] Mapping left_kept_reads.m2g_um_seg3 to genome segment_juncs with Bowtie2 (3/3)
[2017-07-12 11:06:44] Joining segment hits
[2017-07-12 11:08:18] Reporting output tracks
-----------------------------------------------
[2017-07-12 11:09:52] A summary of the alignment counts can be found in /Users/Pranav/Documents/Research/AnalysisResults/Align/cell92/align_summary.txt
[2017-07-12 11:09:52] Run complete: 00:12:13 elapsed
