
[2017-07-12 01:45:54] Beginning TopHat run (v2.0.14)
-----------------------------------------------
[2017-07-12 01:45:54] Checking for Bowtie
		  Bowtie version:	 2.3.2.0
[2017-07-12 01:45:54] Checking for Bowtie index files (genome)..
[2017-07-12 01:45:54] Checking for reference FASTA file
[2017-07-12 01:45:54] Generating SAM header for /Users/Pranav/Documents/Research/AnalysisResults/Reference/Mus_musculus_UCSC_mm10/Mus_musculus/UCSC/mm10/Sequence/Bowtie2Index/genome
[2017-07-12 01:46:03] Reading known junctions from GTF file
[2017-07-12 01:46:09] Preparing reads
	 left reads: min. length=71, max. length=76, 5429 kept reads (41 discarded)
[2017-07-12 01:46:09] Building transcriptome data files /Users/Pranav/Documents/Research/AnalysisResults/Align/cell83/tmp/genes
[2017-07-12 01:46:27] Building Bowtie index from genes.fa
[2017-07-12 01:51:47] Mapping left_kept_reads to transcriptome genes with Bowtie2 
[2017-07-12 01:51:49] Resuming TopHat pipeline with unmapped reads
[2017-07-12 01:51:49] Mapping left_kept_reads.m2g_um to genome genome with Bowtie2 
[2017-07-12 01:51:58] Mapping left_kept_reads.m2g_um_seg1 to genome genome with Bowtie2 (1/3)
[2017-07-12 01:52:09] Mapping left_kept_reads.m2g_um_seg2 to genome genome with Bowtie2 (2/3)
[2017-07-12 01:52:19] Mapping left_kept_reads.m2g_um_seg3 to genome genome with Bowtie2 (3/3)
[2017-07-12 01:52:27] Retrieving sequences for splices
[2017-07-12 01:54:03] Indexing splices
[2017-07-12 01:54:13] Mapping left_kept_reads.m2g_um_seg1 to genome segment_juncs with Bowtie2 (1/3)
[2017-07-12 01:54:16] Mapping left_kept_reads.m2g_um_seg2 to genome segment_juncs with Bowtie2 (2/3)
[2017-07-12 01:54:18] Mapping left_kept_reads.m2g_um_seg3 to genome segment_juncs with Bowtie2 (3/3)
[2017-07-12 01:54:20] Joining segment hits
[2017-07-12 01:55:51] Reporting output tracks
-----------------------------------------------
[2017-07-12 01:57:23] A summary of the alignment counts can be found in /Users/Pranav/Documents/Research/AnalysisResults/Align/cell83/align_summary.txt
[2017-07-12 01:57:23] Run complete: 00:11:29 elapsed
