
[2017-07-11 14:05:17] Beginning TopHat run (v2.0.14)
-----------------------------------------------
[2017-07-11 14:05:17] Checking for Bowtie
		  Bowtie version:	 2.3.2.0
[2017-07-11 14:05:17] Checking for Bowtie index files (genome)..
[2017-07-11 14:05:17] Checking for reference FASTA file
[2017-07-11 14:05:17] Generating SAM header for /Users/Pranav/Documents/Research/AnalysisResults/Reference/Mus_musculus_UCSC_mm10/Mus_musculus/UCSC/mm10/Sequence/Bowtie2Index/genome
[2017-07-11 14:05:25] Reading known junctions from GTF file
[2017-07-11 14:05:30] Preparing reads
	 left reads: min. length=32, max. length=76, 9178 kept reads (69 discarded)
[2017-07-11 14:05:31] Building transcriptome data files /Users/Pranav/Documents/Research/AnalysisResults/Align/cell39/tmp/genes
[2017-07-11 14:05:49] Building Bowtie index from genes.fa
[2017-07-11 14:11:09] Mapping left_kept_reads to transcriptome genes with Bowtie2 
[2017-07-11 14:11:11] Resuming TopHat pipeline with unmapped reads
[2017-07-11 14:11:11] Mapping left_kept_reads.m2g_um to genome genome with Bowtie2 
[2017-07-11 14:11:17] Mapping left_kept_reads.m2g_um_seg1 to genome genome with Bowtie2 (1/3)
[2017-07-11 14:11:26] Mapping left_kept_reads.m2g_um_seg2 to genome genome with Bowtie2 (2/3)
[2017-07-11 14:11:33] Mapping left_kept_reads.m2g_um_seg3 to genome genome with Bowtie2 (3/3)
[2017-07-11 14:11:40] Retrieving sequences for splices
[2017-07-11 14:13:15] Indexing splices
[2017-07-11 14:13:26] Mapping left_kept_reads.m2g_um_seg1 to genome segment_juncs with Bowtie2 (1/3)
[2017-07-11 14:13:28] Mapping left_kept_reads.m2g_um_seg2 to genome segment_juncs with Bowtie2 (2/3)
[2017-07-11 14:13:31] Mapping left_kept_reads.m2g_um_seg3 to genome segment_juncs with Bowtie2 (3/3)
[2017-07-11 14:13:33] Joining segment hits
[2017-07-11 14:15:04] Reporting output tracks
-----------------------------------------------
[2017-07-11 14:16:36] A summary of the alignment counts can be found in /Users/Pranav/Documents/Research/AnalysisResults/Align/cell39/align_summary.txt
[2017-07-11 14:16:36] Run complete: 00:11:19 elapsed
