
[2017-07-11 13:53:57] Beginning TopHat run (v2.0.14)
-----------------------------------------------
[2017-07-11 13:53:57] Checking for Bowtie
		  Bowtie version:	 2.3.2.0
[2017-07-11 13:53:57] Checking for Bowtie index files (genome)..
[2017-07-11 13:53:57] Checking for reference FASTA file
[2017-07-11 13:53:57] Generating SAM header for /Users/Pranav/Documents/Research/AnalysisResults/Reference/Mus_musculus_UCSC_mm10/Mus_musculus/UCSC/mm10/Sequence/Bowtie2Index/genome
[2017-07-11 13:54:06] Reading known junctions from GTF file
[2017-07-11 13:54:12] Preparing reads
	 left reads: min. length=71, max. length=76, 1940 kept reads (14 discarded)
[2017-07-11 13:54:12] Building transcriptome data files /Users/Pranav/Documents/Research/AnalysisResults/Align/cell38/tmp/genes
[2017-07-11 13:54:30] Building Bowtie index from genes.fa
[2017-07-11 13:59:51] Mapping left_kept_reads to transcriptome genes with Bowtie2 
[2017-07-11 13:59:52] Resuming TopHat pipeline with unmapped reads
[2017-07-11 13:59:52] Mapping left_kept_reads.m2g_um to genome genome with Bowtie2 
[2017-07-11 13:59:59] Mapping left_kept_reads.m2g_um_seg1 to genome genome with Bowtie2 (1/3)
[2017-07-11 14:00:07] Mapping left_kept_reads.m2g_um_seg2 to genome genome with Bowtie2 (2/3)
[2017-07-11 14:00:15] Mapping left_kept_reads.m2g_um_seg3 to genome genome with Bowtie2 (3/3)
[2017-07-11 14:00:21] Retrieving sequences for splices
[2017-07-11 14:01:56] Indexing splices
[2017-07-11 14:02:07] Mapping left_kept_reads.m2g_um_seg1 to genome segment_juncs with Bowtie2 (1/3)
[2017-07-11 14:02:09] Mapping left_kept_reads.m2g_um_seg2 to genome segment_juncs with Bowtie2 (2/3)
[2017-07-11 14:02:11] Mapping left_kept_reads.m2g_um_seg3 to genome segment_juncs with Bowtie2 (3/3)
[2017-07-11 14:02:14] Joining segment hits
[2017-07-11 14:03:45] Reporting output tracks
-----------------------------------------------
[2017-07-11 14:05:17] A summary of the alignment counts can be found in /Users/Pranav/Documents/Research/AnalysisResults/Align/cell38/align_summary.txt
[2017-07-11 14:05:17] Run complete: 00:11:19 elapsed
