
[2017-07-10 19:36:42] Beginning TopHat run (v2.0.14)
-----------------------------------------------
[2017-07-10 19:36:42] Checking for Bowtie
		  Bowtie version:	 2.3.2.0
[2017-07-10 19:36:42] Checking for Bowtie index files (genome)..
[2017-07-10 19:36:42] Checking for reference FASTA file
[2017-07-10 19:36:42] Generating SAM header for /Users/Pranav/Documents/Research/AnalysisResults/Reference/Mus_musculus_UCSC_mm10/Mus_musculus/UCSC/mm10/Sequence/Bowtie2Index/genome
[2017-07-10 19:36:48] Reading known junctions from GTF file
[2017-07-10 19:36:54] Preparing reads
	 left reads: min. length=33, max. length=76, 3241 kept reads (24 discarded)
[2017-07-10 19:36:54] Building transcriptome data files /Users/Pranav/Documents/Research/AnalysisResults/Align/cell13/tmp/genes
[2017-07-10 19:37:12] Building Bowtie index from genes.fa
[2017-07-10 19:42:33] Mapping left_kept_reads to transcriptome genes with Bowtie2 
[2017-07-10 19:42:35] Resuming TopHat pipeline with unmapped reads
[2017-07-10 19:42:35] Mapping left_kept_reads.m2g_um to genome genome with Bowtie2 
[2017-07-10 19:42:42] Mapping left_kept_reads.m2g_um_seg1 to genome genome with Bowtie2 (1/3)
[2017-07-10 19:42:50] Mapping left_kept_reads.m2g_um_seg2 to genome genome with Bowtie2 (2/3)
[2017-07-10 19:42:58] Mapping left_kept_reads.m2g_um_seg3 to genome genome with Bowtie2 (3/3)
[2017-07-10 19:43:06] Retrieving sequences for splices
[2017-07-10 19:44:41] Indexing splices
[2017-07-10 19:44:52] Mapping left_kept_reads.m2g_um_seg1 to genome segment_juncs with Bowtie2 (1/3)
[2017-07-10 19:44:54] Mapping left_kept_reads.m2g_um_seg2 to genome segment_juncs with Bowtie2 (2/3)
[2017-07-10 19:44:56] Mapping left_kept_reads.m2g_um_seg3 to genome segment_juncs with Bowtie2 (3/3)
[2017-07-10 19:44:58] Joining segment hits
[2017-07-10 19:46:30] Reporting output tracks
-----------------------------------------------
[2017-07-10 19:48:02] A summary of the alignment counts can be found in /Users/Pranav/Documents/Research/AnalysisResults/Align/cell13/align_summary.txt
[2017-07-10 19:48:02] Run complete: 00:11:20 elapsed
