
[2017-07-11 13:42:37] Beginning TopHat run (v2.0.14)
-----------------------------------------------
[2017-07-11 13:42:37] Checking for Bowtie
		  Bowtie version:	 2.3.2.0
[2017-07-11 13:42:37] Checking for Bowtie index files (genome)..
[2017-07-11 13:42:37] Checking for reference FASTA file
[2017-07-11 13:42:37] Generating SAM header for /Users/Pranav/Documents/Research/AnalysisResults/Reference/Mus_musculus_UCSC_mm10/Mus_musculus/UCSC/mm10/Sequence/Bowtie2Index/genome
[2017-07-11 13:42:46] Reading known junctions from GTF file
[2017-07-11 13:42:52] Preparing reads
	 left reads: min. length=70, max. length=76, 3027 kept reads (30 discarded)
[2017-07-11 13:42:52] Building transcriptome data files /Users/Pranav/Documents/Research/AnalysisResults/Align/cell37/tmp/genes
[2017-07-11 13:43:10] Building Bowtie index from genes.fa
[2017-07-11 13:48:30] Mapping left_kept_reads to transcriptome genes with Bowtie2 
[2017-07-11 13:48:31] Resuming TopHat pipeline with unmapped reads
[2017-07-11 13:48:31] Mapping left_kept_reads.m2g_um to genome genome with Bowtie2 
[2017-07-11 13:48:38] Mapping left_kept_reads.m2g_um_seg1 to genome genome with Bowtie2 (1/3)
[2017-07-11 13:48:47] Mapping left_kept_reads.m2g_um_seg2 to genome genome with Bowtie2 (2/3)
[2017-07-11 13:48:54] Mapping left_kept_reads.m2g_um_seg3 to genome genome with Bowtie2 (3/3)
[2017-07-11 13:49:01] Retrieving sequences for splices
[2017-07-11 13:50:37] Indexing splices
[2017-07-11 13:50:47] Mapping left_kept_reads.m2g_um_seg1 to genome segment_juncs with Bowtie2 (1/3)
[2017-07-11 13:50:49] Mapping left_kept_reads.m2g_um_seg2 to genome segment_juncs with Bowtie2 (2/3)
[2017-07-11 13:50:52] Mapping left_kept_reads.m2g_um_seg3 to genome segment_juncs with Bowtie2 (3/3)
[2017-07-11 13:50:54] Joining segment hits
[2017-07-11 13:52:26] Reporting output tracks
-----------------------------------------------
[2017-07-11 13:53:57] A summary of the alignment counts can be found in /Users/Pranav/Documents/Research/AnalysisResults/Align/cell37/align_summary.txt
[2017-07-11 13:53:57] Run complete: 00:11:19 elapsed
