
[2017-07-11 15:41:42] Beginning TopHat run (v2.0.14)
-----------------------------------------------
[2017-07-11 15:41:42] Checking for Bowtie
		  Bowtie version:	 2.3.2.0
[2017-07-11 15:41:42] Checking for Bowtie index files (genome)..
[2017-07-11 15:41:42] Checking for reference FASTA file
[2017-07-11 15:41:42] Generating SAM header for /Users/Pranav/Documents/Research/AnalysisResults/Reference/Mus_musculus_UCSC_mm10/Mus_musculus/UCSC/mm10/Sequence/Bowtie2Index/genome
[2017-07-11 15:41:50] Reading known junctions from GTF file
[2017-07-11 15:41:56] Preparing reads
	 left reads: min. length=32, max. length=76, 30634 kept reads (202 discarded)
[2017-07-11 15:41:57] Building transcriptome data files /Users/Pranav/Documents/Research/AnalysisResults/Align/cell47/tmp/genes
[2017-07-11 15:42:16] Building Bowtie index from genes.fa
[2017-07-11 15:47:39] Mapping left_kept_reads to transcriptome genes with Bowtie2 
[2017-07-11 15:47:41] Resuming TopHat pipeline with unmapped reads
[2017-07-11 15:47:41] Mapping left_kept_reads.m2g_um to genome genome with Bowtie2 
[2017-07-11 15:47:50] Mapping left_kept_reads.m2g_um_seg1 to genome genome with Bowtie2 (1/3)
[2017-07-11 15:48:00] Mapping left_kept_reads.m2g_um_seg2 to genome genome with Bowtie2 (2/3)
[2017-07-11 15:48:08] Mapping left_kept_reads.m2g_um_seg3 to genome genome with Bowtie2 (3/3)
[2017-07-11 15:48:16] Retrieving sequences for splices
[2017-07-11 15:49:52] Indexing splices
[2017-07-11 15:50:03] Mapping left_kept_reads.m2g_um_seg1 to genome segment_juncs with Bowtie2 (1/3)
[2017-07-11 15:50:05] Mapping left_kept_reads.m2g_um_seg2 to genome segment_juncs with Bowtie2 (2/3)
[2017-07-11 15:50:08] Mapping left_kept_reads.m2g_um_seg3 to genome segment_juncs with Bowtie2 (3/3)
[2017-07-11 15:50:10] Joining segment hits
[2017-07-11 15:51:42] Reporting output tracks
-----------------------------------------------
[2017-07-11 15:53:14] A summary of the alignment counts can be found in /Users/Pranav/Documents/Research/AnalysisResults/Align/cell47/align_summary.txt
[2017-07-11 15:53:14] Run complete: 00:11:32 elapsed
