
[2017-07-11 16:04:34] Beginning TopHat run (v2.0.14)
-----------------------------------------------
[2017-07-11 16:04:34] Checking for Bowtie
		  Bowtie version:	 2.3.2.0
[2017-07-11 16:04:34] Checking for Bowtie index files (genome)..
[2017-07-11 16:04:34] Checking for reference FASTA file
[2017-07-11 16:04:34] Generating SAM header for /Users/Pranav/Documents/Research/AnalysisResults/Reference/Mus_musculus_UCSC_mm10/Mus_musculus/UCSC/mm10/Sequence/Bowtie2Index/genome
[2017-07-11 16:04:43] Reading known junctions from GTF file
[2017-07-11 16:04:48] Preparing reads
	 left reads: min. length=39, max. length=76, 4151 kept reads (40 discarded)
[2017-07-11 16:04:48] Building transcriptome data files /Users/Pranav/Documents/Research/AnalysisResults/Align/cell49/tmp/genes
[2017-07-11 16:05:07] Building Bowtie index from genes.fa
[2017-07-11 16:10:26] Mapping left_kept_reads to transcriptome genes with Bowtie2 
[2017-07-11 16:10:28] Resuming TopHat pipeline with unmapped reads
[2017-07-11 16:10:28] Mapping left_kept_reads.m2g_um to genome genome with Bowtie2 
[2017-07-11 16:10:34] Mapping left_kept_reads.m2g_um_seg1 to genome genome with Bowtie2 (1/3)
[2017-07-11 16:10:42] Mapping left_kept_reads.m2g_um_seg2 to genome genome with Bowtie2 (2/3)
[2017-07-11 16:10:50] Mapping left_kept_reads.m2g_um_seg3 to genome genome with Bowtie2 (3/3)
[2017-07-11 16:10:57] Retrieving sequences for splices
[2017-07-11 16:12:32] Indexing splices
[2017-07-11 16:12:43] Mapping left_kept_reads.m2g_um_seg1 to genome segment_juncs with Bowtie2 (1/3)
[2017-07-11 16:12:45] Mapping left_kept_reads.m2g_um_seg2 to genome segment_juncs with Bowtie2 (2/3)
[2017-07-11 16:12:48] Mapping left_kept_reads.m2g_um_seg3 to genome segment_juncs with Bowtie2 (3/3)
[2017-07-11 16:12:50] Joining segment hits
[2017-07-11 16:14:21] Reporting output tracks
-----------------------------------------------
[2017-07-11 16:15:53] A summary of the alignment counts can be found in /Users/Pranav/Documents/Research/AnalysisResults/Align/cell49/align_summary.txt
[2017-07-11 16:15:53] Run complete: 00:11:18 elapsed
