
[2017-07-11 10:49:13] Beginning TopHat run (v2.0.14)
-----------------------------------------------
[2017-07-11 10:49:13] Checking for Bowtie
		  Bowtie version:	 2.3.2.0
[2017-07-11 10:49:13] Checking for Bowtie index files (genome)..
[2017-07-11 10:49:13] Checking for reference FASTA file
[2017-07-11 10:49:13] Generating SAM header for /Users/Pranav/Documents/Research/AnalysisResults/Reference/Mus_musculus_UCSC_mm10/Mus_musculus/UCSC/mm10/Sequence/Bowtie2Index/genome
[2017-07-11 10:49:23] Reading known junctions from GTF file
[2017-07-11 10:49:28] Preparing reads
	 left reads: min. length=37, max. length=76, 6600 kept reads (43 discarded)
[2017-07-11 10:49:28] Building transcriptome data files /Users/Pranav/Documents/Research/AnalysisResults/Align/cell25/tmp/genes
[2017-07-11 10:49:47] Building Bowtie index from genes.fa
[2017-07-11 10:55:36] Mapping left_kept_reads to transcriptome genes with Bowtie2 
[2017-07-11 10:55:38] Resuming TopHat pipeline with unmapped reads
[2017-07-11 10:55:38] Mapping left_kept_reads.m2g_um to genome genome with Bowtie2 
[2017-07-11 10:55:49] Mapping left_kept_reads.m2g_um_seg1 to genome genome with Bowtie2 (1/3)
[2017-07-11 10:56:00] Mapping left_kept_reads.m2g_um_seg2 to genome genome with Bowtie2 (2/3)
[2017-07-11 10:56:12] Mapping left_kept_reads.m2g_um_seg3 to genome genome with Bowtie2 (3/3)
[2017-07-11 10:56:24] Retrieving sequences for splices
[2017-07-11 10:58:05] Indexing splices
[2017-07-11 10:58:17] Mapping left_kept_reads.m2g_um_seg1 to genome segment_juncs with Bowtie2 (1/3)
[2017-07-11 10:58:19] Mapping left_kept_reads.m2g_um_seg2 to genome segment_juncs with Bowtie2 (2/3)
[2017-07-11 10:58:21] Mapping left_kept_reads.m2g_um_seg3 to genome segment_juncs with Bowtie2 (3/3)
[2017-07-11 10:58:24] Joining segment hits
[2017-07-11 11:00:13] Reporting output tracks
-----------------------------------------------
[2017-07-11 11:01:55] A summary of the alignment counts can be found in /Users/Pranav/Documents/Research/AnalysisResults/Align/cell25/align_summary.txt
[2017-07-11 11:01:55] Run complete: 00:12:42 elapsed
