
[2017-07-10 23:38:23] Beginning TopHat run (v2.0.14)
-----------------------------------------------
[2017-07-10 23:38:23] Checking for Bowtie
		  Bowtie version:	 2.3.2.0
[2017-07-10 23:38:24] Checking for Bowtie index files (genome)..
[2017-07-10 23:38:24] Checking for reference FASTA file
[2017-07-10 23:38:24] Generating SAM header for /Users/Pranav/Documents/Research/AnalysisResults/Reference/Mus_musculus_UCSC_mm10/Mus_musculus/UCSC/mm10/Sequence/Bowtie2Index/genome
[2017-07-10 23:38:31] Reading known junctions from GTF file
[2017-07-10 23:38:37] Preparing reads
	 left reads: min. length=38, max. length=76, 5065 kept reads (52 discarded)
[2017-07-10 23:38:37] Building transcriptome data files /Users/Pranav/Documents/Research/AnalysisResults/Align/cell19/tmp/genes
[2017-07-10 23:38:55] Building Bowtie index from genes.fa
[2017-07-11 02:43:58] Mapping left_kept_reads to transcriptome genes with Bowtie2 
[2017-07-11 02:44:00] Resuming TopHat pipeline with unmapped reads
[2017-07-11 02:44:00] Mapping left_kept_reads.m2g_um to genome genome with Bowtie2 
[2017-07-11 02:44:14] Mapping left_kept_reads.m2g_um_seg1 to genome genome with Bowtie2 (1/3)
[2017-07-11 02:44:27] Mapping left_kept_reads.m2g_um_seg2 to genome genome with Bowtie2 (2/3)
[2017-07-11 02:44:38] Mapping left_kept_reads.m2g_um_seg3 to genome genome with Bowtie2 (3/3)
[2017-07-11 03:44:44] Retrieving sequences for splices
[2017-07-11 06:17:06] Indexing splices
[2017-07-11 06:17:17] Mapping left_kept_reads.m2g_um_seg1 to genome segment_juncs with Bowtie2 (1/3)
[2017-07-11 06:17:20] Mapping left_kept_reads.m2g_um_seg2 to genome segment_juncs with Bowtie2 (2/3)
[2017-07-11 06:17:23] Mapping left_kept_reads.m2g_um_seg3 to genome segment_juncs with Bowtie2 (3/3)
[2017-07-11 08:01:55] Joining segment hits
[2017-07-11 08:03:37] Reporting output tracks
-----------------------------------------------
[2017-07-11 09:39:36] A summary of the alignment counts can be found in /Users/Pranav/Documents/Research/AnalysisResults/Align/cell19/align_summary.txt
[2017-07-11 09:39:36] Run complete: 10:01:12 elapsed
