
[2017-07-11 14:16:36] Beginning TopHat run (v2.0.14)
-----------------------------------------------
[2017-07-11 14:16:36] Checking for Bowtie
		  Bowtie version:	 2.3.2.0
[2017-07-11 14:16:36] Checking for Bowtie index files (genome)..
[2017-07-11 14:16:36] Checking for reference FASTA file
[2017-07-11 14:16:36] Generating SAM header for /Users/Pranav/Documents/Research/AnalysisResults/Reference/Mus_musculus_UCSC_mm10/Mus_musculus/UCSC/mm10/Sequence/Bowtie2Index/genome
[2017-07-11 14:16:45] Reading known junctions from GTF file
[2017-07-11 14:16:51] Preparing reads
	 left reads: min. length=32, max. length=76, 14119 kept reads (119 discarded)
[2017-07-11 14:16:51] Building transcriptome data files /Users/Pranav/Documents/Research/AnalysisResults/Align/cell40/tmp/genes
[2017-07-11 14:17:10] Building Bowtie index from genes.fa
[2017-07-11 14:27:19] Mapping left_kept_reads to transcriptome genes with Bowtie2 
[2017-07-11 14:27:21] Resuming TopHat pipeline with unmapped reads
[2017-07-11 14:27:21] Mapping left_kept_reads.m2g_um to genome genome with Bowtie2 
[2017-07-11 14:27:30] Mapping left_kept_reads.m2g_um_seg1 to genome genome with Bowtie2 (1/3)
[2017-07-11 14:27:40] Mapping left_kept_reads.m2g_um_seg2 to genome genome with Bowtie2 (2/3)
[2017-07-11 14:27:50] Mapping left_kept_reads.m2g_um_seg3 to genome genome with Bowtie2 (3/3)
[2017-07-11 14:27:59] Retrieving sequences for splices
[2017-07-11 14:29:35] Indexing splices
[2017-07-11 14:29:45] Mapping left_kept_reads.m2g_um_seg1 to genome segment_juncs with Bowtie2 (1/3)
[2017-07-11 14:29:48] Mapping left_kept_reads.m2g_um_seg2 to genome segment_juncs with Bowtie2 (2/3)
[2017-07-11 14:29:50] Mapping left_kept_reads.m2g_um_seg3 to genome segment_juncs with Bowtie2 (3/3)
[2017-07-11 14:29:52] Joining segment hits
[2017-07-11 14:31:24] Reporting output tracks
-----------------------------------------------
[2017-07-11 14:32:56] A summary of the alignment counts can be found in /Users/Pranav/Documents/Research/AnalysisResults/Align/cell40/align_summary.txt
[2017-07-11 14:32:56] Run complete: 00:16:19 elapsed
