
[2017-07-11 19:42:07] Beginning TopHat run (v2.0.14)
-----------------------------------------------
[2017-07-11 19:42:07] Checking for Bowtie
		  Bowtie version:	 2.3.2.0
[2017-07-11 19:42:07] Checking for Bowtie index files (genome)..
[2017-07-11 19:42:07] Checking for reference FASTA file
[2017-07-11 19:42:07] Generating SAM header for /Users/Pranav/Documents/Research/AnalysisResults/Reference/Mus_musculus_UCSC_mm10/Mus_musculus/UCSC/mm10/Sequence/Bowtie2Index/genome
[2017-07-11 19:42:16] Reading known junctions from GTF file
[2017-07-11 19:42:22] Preparing reads
	 left reads: min. length=32, max. length=76, 43092 kept reads (297 discarded)
[2017-07-11 19:42:23] Building transcriptome data files /Users/Pranav/Documents/Research/AnalysisResults/Align/cell64/tmp/genes
[2017-07-11 19:42:42] Building Bowtie index from genes.fa
[2017-07-11 19:48:06] Mapping left_kept_reads to transcriptome genes with Bowtie2 
[2017-07-11 19:48:09] Resuming TopHat pipeline with unmapped reads
[2017-07-11 19:48:09] Mapping left_kept_reads.m2g_um to genome genome with Bowtie2 
[2017-07-11 19:48:20] Mapping left_kept_reads.m2g_um_seg1 to genome genome with Bowtie2 (1/3)
[2017-07-11 19:48:31] Mapping left_kept_reads.m2g_um_seg2 to genome genome with Bowtie2 (2/3)
[2017-07-11 19:48:41] Mapping left_kept_reads.m2g_um_seg3 to genome genome with Bowtie2 (3/3)
[2017-07-11 19:48:51] Retrieving sequences for splices
[2017-07-11 19:50:26] Indexing splices
[2017-07-11 19:50:37] Mapping left_kept_reads.m2g_um_seg1 to genome segment_juncs with Bowtie2 (1/3)
[2017-07-11 19:50:39] Mapping left_kept_reads.m2g_um_seg2 to genome segment_juncs with Bowtie2 (2/3)
[2017-07-11 19:50:42] Mapping left_kept_reads.m2g_um_seg3 to genome segment_juncs with Bowtie2 (3/3)
[2017-07-11 19:50:44] Joining segment hits
[2017-07-11 19:52:16] Reporting output tracks
-----------------------------------------------
[2017-07-11 19:53:49] A summary of the alignment counts can be found in /Users/Pranav/Documents/Research/AnalysisResults/Align/cell64/align_summary.txt
[2017-07-11 19:53:49] Run complete: 00:11:41 elapsed
