
[2017-07-11 12:34:03] Beginning TopHat run (v2.0.14)
-----------------------------------------------
[2017-07-11 12:34:03] Checking for Bowtie
		  Bowtie version:	 2.3.2.0
[2017-07-11 12:34:03] Checking for Bowtie index files (genome)..
[2017-07-11 12:34:03] Checking for reference FASTA file
[2017-07-11 12:34:03] Generating SAM header for /Users/Pranav/Documents/Research/AnalysisResults/Reference/Mus_musculus_UCSC_mm10/Mus_musculus/UCSC/mm10/Sequence/Bowtie2Index/genome
[2017-07-11 12:34:11] Reading known junctions from GTF file
[2017-07-11 12:34:16] Preparing reads
	 left reads: min. length=35, max. length=76, 1739 kept reads (14 discarded)
[2017-07-11 12:34:16] Building transcriptome data files /Users/Pranav/Documents/Research/AnalysisResults/Align/cell31/tmp/genes
[2017-07-11 12:34:34] Building Bowtie index from genes.fa
[2017-07-11 12:40:00] Mapping left_kept_reads to transcriptome genes with Bowtie2 
[2017-07-11 12:40:01] Resuming TopHat pipeline with unmapped reads
[2017-07-11 12:40:01] Mapping left_kept_reads.m2g_um to genome genome with Bowtie2 
[2017-07-11 12:40:10] Mapping left_kept_reads.m2g_um_seg1 to genome genome with Bowtie2 (1/3)
[2017-07-11 12:40:18] Mapping left_kept_reads.m2g_um_seg2 to genome genome with Bowtie2 (2/3)
[2017-07-11 12:40:27] Mapping left_kept_reads.m2g_um_seg3 to genome genome with Bowtie2 (3/3)
[2017-07-11 12:40:34] Retrieving sequences for splices
[2017-07-11 12:42:10] Indexing splices
[2017-07-11 12:42:21] Mapping left_kept_reads.m2g_um_seg1 to genome segment_juncs with Bowtie2 (1/3)
[2017-07-11 12:42:23] Mapping left_kept_reads.m2g_um_seg2 to genome segment_juncs with Bowtie2 (2/3)
[2017-07-11 12:42:25] Mapping left_kept_reads.m2g_um_seg3 to genome segment_juncs with Bowtie2 (3/3)
[2017-07-11 12:42:28] Joining segment hits
[2017-07-11 12:43:59] Reporting output tracks
-----------------------------------------------
[2017-07-11 12:45:31] A summary of the alignment counts can be found in /Users/Pranav/Documents/Research/AnalysisResults/Align/cell31/align_summary.txt
[2017-07-11 12:45:31] Run complete: 00:11:27 elapsed
