
[2017-07-11 10:06:27] Beginning TopHat run (v2.0.14)
-----------------------------------------------
[2017-07-11 10:06:27] Checking for Bowtie
		  Bowtie version:	 2.3.2.0
[2017-07-11 10:06:27] Checking for Bowtie index files (genome)..
[2017-07-11 10:06:27] Checking for reference FASTA file
[2017-07-11 10:06:27] Generating SAM header for /Users/Pranav/Documents/Research/AnalysisResults/Reference/Mus_musculus_UCSC_mm10/Mus_musculus/UCSC/mm10/Sequence/Bowtie2Index/genome
[2017-07-11 10:06:36] Reading known junctions from GTF file
[2017-07-11 10:06:42] Preparing reads
	 left reads: min. length=49, max. length=76, 4052 kept reads (29 discarded)
[2017-07-11 10:06:42] Building transcriptome data files /Users/Pranav/Documents/Research/AnalysisResults/Align/cell22/tmp/genes
[2017-07-11 10:07:01] Building Bowtie index from genes.fa
[2017-07-11 10:12:52] Mapping left_kept_reads to transcriptome genes with Bowtie2 
[2017-07-11 10:12:54] Resuming TopHat pipeline with unmapped reads
[2017-07-11 10:12:54] Mapping left_kept_reads.m2g_um to genome genome with Bowtie2 
[2017-07-11 10:13:04] Mapping left_kept_reads.m2g_um_seg1 to genome genome with Bowtie2 (1/3)
[2017-07-11 10:13:14] Mapping left_kept_reads.m2g_um_seg2 to genome genome with Bowtie2 (2/3)
[2017-07-11 10:13:23] Mapping left_kept_reads.m2g_um_seg3 to genome genome with Bowtie2 (3/3)
[2017-07-11 10:13:32] Retrieving sequences for splices
[2017-07-11 10:15:14] Indexing splices
[2017-07-11 10:15:25] Mapping left_kept_reads.m2g_um_seg1 to genome segment_juncs with Bowtie2 (1/3)
[2017-07-11 10:15:27] Mapping left_kept_reads.m2g_um_seg2 to genome segment_juncs with Bowtie2 (2/3)
[2017-07-11 10:15:30] Mapping left_kept_reads.m2g_um_seg3 to genome segment_juncs with Bowtie2 (3/3)
[2017-07-11 10:15:32] Joining segment hits
[2017-07-11 10:17:11] Reporting output tracks
-----------------------------------------------
[2017-07-11 10:18:50] A summary of the alignment counts can be found in /Users/Pranav/Documents/Research/AnalysisResults/Align/cell22/align_summary.txt
[2017-07-11 10:18:50] Run complete: 00:12:23 elapsed
