
[2017-07-11 21:25:43] Beginning TopHat run (v2.0.14)
-----------------------------------------------
[2017-07-11 21:25:43] Checking for Bowtie
		  Bowtie version:	 2.3.2.0
[2017-07-11 21:25:43] Checking for Bowtie index files (genome)..
[2017-07-11 21:25:43] Checking for reference FASTA file
[2017-07-11 21:25:43] Generating SAM header for /Users/Pranav/Documents/Research/AnalysisResults/Reference/Mus_musculus_UCSC_mm10/Mus_musculus/UCSC/mm10/Sequence/Bowtie2Index/genome
[2017-07-11 21:25:52] Reading known junctions from GTF file
[2017-07-11 21:25:58] Preparing reads
	 left reads: min. length=32, max. length=76, 2673 kept reads (15 discarded)
[2017-07-11 21:25:58] Building transcriptome data files /Users/Pranav/Documents/Research/AnalysisResults/Align/cell72/tmp/genes
[2017-07-11 21:26:17] Building Bowtie index from genes.fa
[2017-07-11 21:31:42] Mapping left_kept_reads to transcriptome genes with Bowtie2 
[2017-07-11 21:31:44] Resuming TopHat pipeline with unmapped reads
[2017-07-11 21:31:44] Mapping left_kept_reads.m2g_um to genome genome with Bowtie2 
[2017-07-11 21:31:52] Mapping left_kept_reads.m2g_um_seg1 to genome genome with Bowtie2 (1/3)
[2017-07-11 21:32:02] Mapping left_kept_reads.m2g_um_seg2 to genome genome with Bowtie2 (2/3)
[2017-07-11 21:32:10] Mapping left_kept_reads.m2g_um_seg3 to genome genome with Bowtie2 (3/3)
[2017-07-11 21:32:18] Retrieving sequences for splices
[2017-07-11 21:33:54] Indexing splices
[2017-07-11 21:34:04] Mapping left_kept_reads.m2g_um_seg1 to genome segment_juncs with Bowtie2 (1/3)
[2017-07-11 21:34:07] Mapping left_kept_reads.m2g_um_seg2 to genome segment_juncs with Bowtie2 (2/3)
[2017-07-11 21:34:09] Mapping left_kept_reads.m2g_um_seg3 to genome segment_juncs with Bowtie2 (3/3)
[2017-07-11 21:34:11] Joining segment hits
[2017-07-11 21:35:43] Reporting output tracks
-----------------------------------------------
[2017-07-11 21:37:15] A summary of the alignment counts can be found in /Users/Pranav/Documents/Research/AnalysisResults/Align/cell72/align_summary.txt
[2017-07-11 21:37:15] Run complete: 00:11:31 elapsed
