
[2017-07-11 15:07:28] Beginning TopHat run (v2.0.14)
-----------------------------------------------
[2017-07-11 15:07:28] Checking for Bowtie
		  Bowtie version:	 2.3.2.0
[2017-07-11 15:07:28] Checking for Bowtie index files (genome)..
[2017-07-11 15:07:28] Checking for reference FASTA file
[2017-07-11 15:07:28] Generating SAM header for /Users/Pranav/Documents/Research/AnalysisResults/Reference/Mus_musculus_UCSC_mm10/Mus_musculus/UCSC/mm10/Sequence/Bowtie2Index/genome
[2017-07-11 15:07:36] Reading known junctions from GTF file
[2017-07-11 15:07:42] Preparing reads
	 left reads: min. length=32, max. length=76, 8451 kept reads (50 discarded)
[2017-07-11 15:07:42] Building transcriptome data files /Users/Pranav/Documents/Research/AnalysisResults/Align/cell44/tmp/genes
[2017-07-11 15:08:00] Building Bowtie index from genes.fa
[2017-07-11 15:13:20] Mapping left_kept_reads to transcriptome genes with Bowtie2 
[2017-07-11 15:13:22] Resuming TopHat pipeline with unmapped reads
[2017-07-11 15:13:22] Mapping left_kept_reads.m2g_um to genome genome with Bowtie2 
[2017-07-11 15:13:30] Mapping left_kept_reads.m2g_um_seg1 to genome genome with Bowtie2 (1/3)
[2017-07-11 15:13:39] Mapping left_kept_reads.m2g_um_seg2 to genome genome with Bowtie2 (2/3)
[2017-07-11 15:13:47] Mapping left_kept_reads.m2g_um_seg3 to genome genome with Bowtie2 (3/3)
[2017-07-11 15:13:54] Retrieving sequences for splices
[2017-07-11 15:15:29] Indexing splices
[2017-07-11 15:15:40] Mapping left_kept_reads.m2g_um_seg1 to genome segment_juncs with Bowtie2 (1/3)
[2017-07-11 15:15:42] Mapping left_kept_reads.m2g_um_seg2 to genome segment_juncs with Bowtie2 (2/3)
[2017-07-11 15:15:44] Mapping left_kept_reads.m2g_um_seg3 to genome segment_juncs with Bowtie2 (3/3)
[2017-07-11 15:15:47] Joining segment hits
[2017-07-11 15:17:18] Reporting output tracks
-----------------------------------------------
[2017-07-11 15:18:51] A summary of the alignment counts can be found in /Users/Pranav/Documents/Research/AnalysisResults/Align/cell44/align_summary.txt
[2017-07-11 15:18:51] Run complete: 00:11:22 elapsed
