
[2017-07-11 22:46:05] Beginning TopHat run (v2.0.14)
-----------------------------------------------
[2017-07-11 22:46:05] Checking for Bowtie
		  Bowtie version:	 2.3.2.0
[2017-07-11 22:46:05] Checking for Bowtie index files (genome)..
[2017-07-11 22:46:05] Checking for reference FASTA file
[2017-07-11 22:46:05] Generating SAM header for /Users/Pranav/Documents/Research/AnalysisResults/Reference/Mus_musculus_UCSC_mm10/Mus_musculus/UCSC/mm10/Sequence/Bowtie2Index/genome
[2017-07-11 22:46:13] Reading known junctions from GTF file
[2017-07-11 22:46:19] Preparing reads
	 left reads: min. length=43, max. length=76, 5741 kept reads (27 discarded)
[2017-07-11 22:46:19] Building transcriptome data files /Users/Pranav/Documents/Research/AnalysisResults/Align/cell79/tmp/genes
[2017-07-11 22:46:37] Building Bowtie index from genes.fa
[2017-07-11 22:51:57] Mapping left_kept_reads to transcriptome genes with Bowtie2 
[2017-07-11 22:51:59] Resuming TopHat pipeline with unmapped reads
[2017-07-11 22:51:59] Mapping left_kept_reads.m2g_um to genome genome with Bowtie2 
[2017-07-11 22:52:07] Mapping left_kept_reads.m2g_um_seg1 to genome genome with Bowtie2 (1/3)
[2017-07-11 22:52:16] Mapping left_kept_reads.m2g_um_seg2 to genome genome with Bowtie2 (2/3)
[2017-07-11 22:52:25] Mapping left_kept_reads.m2g_um_seg3 to genome genome with Bowtie2 (3/3)
[2017-07-11 22:52:33] Retrieving sequences for splices
[2017-07-11 22:54:09] Indexing splices
[2017-07-11 22:54:19] Mapping left_kept_reads.m2g_um_seg1 to genome segment_juncs with Bowtie2 (1/3)
[2017-07-11 22:54:22] Mapping left_kept_reads.m2g_um_seg2 to genome segment_juncs with Bowtie2 (2/3)
[2017-07-11 22:54:24] Mapping left_kept_reads.m2g_um_seg3 to genome segment_juncs with Bowtie2 (3/3)
[2017-07-11 22:54:26] Joining segment hits
[2017-07-12 01:09:46] Reporting output tracks
-----------------------------------------------
[2017-07-12 01:11:26] A summary of the alignment counts can be found in /Users/Pranav/Documents/Research/AnalysisResults/Align/cell79/align_summary.txt
[2017-07-12 01:11:26] Run complete: 02:25:21 elapsed
