
[2017-07-11 13:19:45] Beginning TopHat run (v2.0.14)
-----------------------------------------------
[2017-07-11 13:19:45] Checking for Bowtie
		  Bowtie version:	 2.3.2.0
[2017-07-11 13:19:45] Checking for Bowtie index files (genome)..
[2017-07-11 13:19:45] Checking for reference FASTA file
[2017-07-11 13:19:45] Generating SAM header for /Users/Pranav/Documents/Research/AnalysisResults/Reference/Mus_musculus_UCSC_mm10/Mus_musculus/UCSC/mm10/Sequence/Bowtie2Index/genome
[2017-07-11 13:19:52] Reading known junctions from GTF file
[2017-07-11 13:19:58] Preparing reads
	 left reads: min. length=40, max. length=76, 7023 kept reads (55 discarded)
[2017-07-11 13:19:58] Building transcriptome data files /Users/Pranav/Documents/Research/AnalysisResults/Align/cell35/tmp/genes
[2017-07-11 13:20:16] Building Bowtie index from genes.fa
[2017-07-11 13:25:36] Mapping left_kept_reads to transcriptome genes with Bowtie2 
[2017-07-11 13:25:38] Resuming TopHat pipeline with unmapped reads
[2017-07-11 13:25:38] Mapping left_kept_reads.m2g_um to genome genome with Bowtie2 
[2017-07-11 13:25:45] Mapping left_kept_reads.m2g_um_seg1 to genome genome with Bowtie2 (1/3)
[2017-07-11 13:25:53] Mapping left_kept_reads.m2g_um_seg2 to genome genome with Bowtie2 (2/3)
[2017-07-11 13:26:00] Mapping left_kept_reads.m2g_um_seg3 to genome genome with Bowtie2 (3/3)
[2017-07-11 13:26:07] Retrieving sequences for splices
[2017-07-11 13:27:43] Indexing splices
[2017-07-11 13:27:53] Mapping left_kept_reads.m2g_um_seg1 to genome segment_juncs with Bowtie2 (1/3)
[2017-07-11 13:27:55] Mapping left_kept_reads.m2g_um_seg2 to genome segment_juncs with Bowtie2 (2/3)
[2017-07-11 13:27:58] Mapping left_kept_reads.m2g_um_seg3 to genome segment_juncs with Bowtie2 (3/3)
[2017-07-11 13:28:00] Joining segment hits
[2017-07-11 13:29:32] Reporting output tracks
-----------------------------------------------
[2017-07-11 13:31:08] A summary of the alignment counts can be found in /Users/Pranav/Documents/Research/AnalysisResults/Align/cell35/align_summary.txt
[2017-07-11 13:31:08] Run complete: 00:11:22 elapsed
