
[2017-07-11 14:55:57] Beginning TopHat run (v2.0.14)
-----------------------------------------------
[2017-07-11 14:55:57] Checking for Bowtie
		  Bowtie version:	 2.3.2.0
[2017-07-11 14:55:57] Checking for Bowtie index files (genome)..
[2017-07-11 14:55:57] Checking for reference FASTA file
[2017-07-11 14:55:57] Generating SAM header for /Users/Pranav/Documents/Research/AnalysisResults/Reference/Mus_musculus_UCSC_mm10/Mus_musculus/UCSC/mm10/Sequence/Bowtie2Index/genome
[2017-07-11 14:56:06] Reading known junctions from GTF file
[2017-07-11 14:56:11] Preparing reads
	 left reads: min. length=44, max. length=76, 19400 kept reads (133 discarded)
[2017-07-11 14:56:12] Building transcriptome data files /Users/Pranav/Documents/Research/AnalysisResults/Align/cell43/tmp/genes
[2017-07-11 14:56:30] Building Bowtie index from genes.fa
[2017-07-11 15:01:54] Mapping left_kept_reads to transcriptome genes with Bowtie2 
[2017-07-11 15:01:56] Resuming TopHat pipeline with unmapped reads
[2017-07-11 15:01:56] Mapping left_kept_reads.m2g_um to genome genome with Bowtie2 
[2017-07-11 15:02:05] Mapping left_kept_reads.m2g_um_seg1 to genome genome with Bowtie2 (1/3)
[2017-07-11 15:02:13] Mapping left_kept_reads.m2g_um_seg2 to genome genome with Bowtie2 (2/3)
[2017-07-11 15:02:23] Mapping left_kept_reads.m2g_um_seg3 to genome genome with Bowtie2 (3/3)
[2017-07-11 15:02:31] Retrieving sequences for splices
[2017-07-11 15:04:07] Indexing splices
[2017-07-11 15:04:17] Mapping left_kept_reads.m2g_um_seg1 to genome segment_juncs with Bowtie2 (1/3)
[2017-07-11 15:04:20] Mapping left_kept_reads.m2g_um_seg2 to genome segment_juncs with Bowtie2 (2/3)
[2017-07-11 15:04:22] Mapping left_kept_reads.m2g_um_seg3 to genome segment_juncs with Bowtie2 (3/3)
[2017-07-11 15:04:24] Joining segment hits
[2017-07-11 15:05:56] Reporting output tracks
-----------------------------------------------
[2017-07-11 15:07:28] A summary of the alignment counts can be found in /Users/Pranav/Documents/Research/AnalysisResults/Align/cell43/align_summary.txt
[2017-07-11 15:07:28] Run complete: 00:11:31 elapsed
