
[2017-07-11 20:16:59] Beginning TopHat run (v2.0.14)
-----------------------------------------------
[2017-07-11 20:16:59] Checking for Bowtie
		  Bowtie version:	 2.3.2.0
[2017-07-11 20:16:59] Checking for Bowtie index files (genome)..
[2017-07-11 20:16:59] Checking for reference FASTA file
[2017-07-11 20:16:59] Generating SAM header for /Users/Pranav/Documents/Research/AnalysisResults/Reference/Mus_musculus_UCSC_mm10/Mus_musculus/UCSC/mm10/Sequence/Bowtie2Index/genome
[2017-07-11 20:17:09] Reading known junctions from GTF file
[2017-07-11 20:17:14] Preparing reads
	 left reads: min. length=32, max. length=76, 1626 kept reads (12 discarded)
[2017-07-11 20:17:14] Building transcriptome data files /Users/Pranav/Documents/Research/AnalysisResults/Align/cell67/tmp/genes
[2017-07-11 20:17:33] Building Bowtie index from genes.fa
[2017-07-11 20:22:56] Mapping left_kept_reads to transcriptome genes with Bowtie2 
[2017-07-11 20:22:58] Resuming TopHat pipeline with unmapped reads
[2017-07-11 20:22:58] Mapping left_kept_reads.m2g_um to genome genome with Bowtie2 
[2017-07-11 20:23:06] Mapping left_kept_reads.m2g_um_seg1 to genome genome with Bowtie2 (1/3)
[2017-07-11 20:23:16] Mapping left_kept_reads.m2g_um_seg2 to genome genome with Bowtie2 (2/3)
[2017-07-11 20:23:24] Mapping left_kept_reads.m2g_um_seg3 to genome genome with Bowtie2 (3/3)
[2017-07-11 20:23:33] Retrieving sequences for splices
[2017-07-11 20:25:09] Indexing splices
[2017-07-11 20:25:19] Mapping left_kept_reads.m2g_um_seg1 to genome segment_juncs with Bowtie2 (1/3)
[2017-07-11 20:25:22] Mapping left_kept_reads.m2g_um_seg2 to genome segment_juncs with Bowtie2 (2/3)
[2017-07-11 20:25:24] Mapping left_kept_reads.m2g_um_seg3 to genome segment_juncs with Bowtie2 (3/3)
[2017-07-11 20:25:26] Joining segment hits
[2017-07-11 20:26:58] Reporting output tracks
-----------------------------------------------
[2017-07-11 20:28:29] A summary of the alignment counts can be found in /Users/Pranav/Documents/Research/AnalysisResults/Align/cell67/align_summary.txt
[2017-07-11 20:28:29] Run complete: 00:11:29 elapsed
