
[2017-07-11 18:34:28] Beginning TopHat run (v2.0.14)
-----------------------------------------------
[2017-07-11 18:34:28] Checking for Bowtie
		  Bowtie version:	 2.3.2.0
[2017-07-11 18:34:28] Checking for Bowtie index files (genome)..
[2017-07-11 18:34:28] Checking for reference FASTA file
[2017-07-11 18:34:28] Generating SAM header for /Users/Pranav/Documents/Research/AnalysisResults/Reference/Mus_musculus_UCSC_mm10/Mus_musculus/UCSC/mm10/Sequence/Bowtie2Index/genome
[2017-07-11 18:34:37] Reading known junctions from GTF file
[2017-07-11 18:34:42] Preparing reads
	 left reads: min. length=36, max. length=76, 7517 kept reads (83 discarded)
[2017-07-11 18:34:43] Building transcriptome data files /Users/Pranav/Documents/Research/AnalysisResults/Align/cell60/tmp/genes
[2017-07-11 18:35:02] Building Bowtie index from genes.fa
[2017-07-11 18:40:23] Mapping left_kept_reads to transcriptome genes with Bowtie2 
[2017-07-11 18:40:25] Resuming TopHat pipeline with unmapped reads
[2017-07-11 18:40:25] Mapping left_kept_reads.m2g_um to genome genome with Bowtie2 
[2017-07-11 18:40:32] Mapping left_kept_reads.m2g_um_seg1 to genome genome with Bowtie2 (1/3)
[2017-07-11 18:40:41] Mapping left_kept_reads.m2g_um_seg2 to genome genome with Bowtie2 (2/3)
[2017-07-11 18:40:48] Mapping left_kept_reads.m2g_um_seg3 to genome genome with Bowtie2 (3/3)
[2017-07-11 18:40:54] Retrieving sequences for splices
[2017-07-11 18:42:30] Indexing splices
[2017-07-11 18:42:40] Mapping left_kept_reads.m2g_um_seg1 to genome segment_juncs with Bowtie2 (1/3)
[2017-07-11 18:42:42] Mapping left_kept_reads.m2g_um_seg2 to genome segment_juncs with Bowtie2 (2/3)
[2017-07-11 18:42:45] Mapping left_kept_reads.m2g_um_seg3 to genome segment_juncs with Bowtie2 (3/3)
[2017-07-11 18:42:47] Joining segment hits
[2017-07-11 18:44:19] Reporting output tracks
-----------------------------------------------
[2017-07-11 18:45:50] A summary of the alignment counts can be found in /Users/Pranav/Documents/Research/AnalysisResults/Align/cell60/align_summary.txt
[2017-07-11 18:45:50] Run complete: 00:11:21 elapsed
