
[2017-07-12 01:57:23] Beginning TopHat run (v2.0.14)
-----------------------------------------------
[2017-07-12 01:57:23] Checking for Bowtie
		  Bowtie version:	 2.3.2.0
[2017-07-12 01:57:23] Checking for Bowtie index files (genome)..
[2017-07-12 01:57:23] Checking for reference FASTA file
[2017-07-12 01:57:23] Generating SAM header for /Users/Pranav/Documents/Research/AnalysisResults/Reference/Mus_musculus_UCSC_mm10/Mus_musculus/UCSC/mm10/Sequence/Bowtie2Index/genome
[2017-07-12 01:57:32] Reading known junctions from GTF file
[2017-07-12 01:57:37] Preparing reads
	 left reads: min. length=39, max. length=76, 5344 kept reads (47 discarded)
[2017-07-12 01:57:37] Building transcriptome data files /Users/Pranav/Documents/Research/AnalysisResults/Align/cell84/tmp/genes
[2017-07-12 01:57:56] Building Bowtie index from genes.fa
[2017-07-12 09:25:14] Mapping left_kept_reads to transcriptome genes with Bowtie2 
[2017-07-12 09:25:16] Resuming TopHat pipeline with unmapped reads
[2017-07-12 09:25:16] Mapping left_kept_reads.m2g_um to genome genome with Bowtie2 
[2017-07-12 09:25:26] Mapping left_kept_reads.m2g_um_seg1 to genome genome with Bowtie2 (1/3)
[2017-07-12 09:25:36] Mapping left_kept_reads.m2g_um_seg2 to genome genome with Bowtie2 (2/3)
[2017-07-12 09:25:46] Mapping left_kept_reads.m2g_um_seg3 to genome genome with Bowtie2 (3/3)
[2017-07-12 09:25:55] Retrieving sequences for splices
[2017-07-12 09:27:31] Indexing splices
[2017-07-12 09:27:41] Mapping left_kept_reads.m2g_um_seg1 to genome segment_juncs with Bowtie2 (1/3)
[2017-07-12 09:27:44] Mapping left_kept_reads.m2g_um_seg2 to genome segment_juncs with Bowtie2 (2/3)
[2017-07-12 09:27:46] Mapping left_kept_reads.m2g_um_seg3 to genome segment_juncs with Bowtie2 (3/3)
[2017-07-12 09:27:48] Joining segment hits
[2017-07-12 09:29:20] Reporting output tracks
-----------------------------------------------
[2017-07-12 09:30:51] A summary of the alignment counts can be found in /Users/Pranav/Documents/Research/AnalysisResults/Align/cell84/align_summary.txt
[2017-07-12 09:30:51] Run complete: 07:33:28 elapsed
