
[2017-07-12 10:16:46] Beginning TopHat run (v2.0.14)
-----------------------------------------------
[2017-07-12 10:16:46] Checking for Bowtie
		  Bowtie version:	 2.3.2.0
[2017-07-12 10:16:46] Checking for Bowtie index files (genome)..
[2017-07-12 10:16:46] Checking for reference FASTA file
[2017-07-12 10:16:46] Generating SAM header for /Users/Pranav/Documents/Research/AnalysisResults/Reference/Mus_musculus_UCSC_mm10/Mus_musculus/UCSC/mm10/Sequence/Bowtie2Index/genome
[2017-07-12 10:16:56] Reading known junctions from GTF file
[2017-07-12 10:17:01] Preparing reads
	 left reads: min. length=32, max. length=76, 14598 kept reads (103 discarded)
[2017-07-12 10:17:01] Building transcriptome data files /Users/Pranav/Documents/Research/AnalysisResults/Align/cell89/tmp/genes
[2017-07-12 10:17:20] Building Bowtie index from genes.fa
[2017-07-12 10:22:40] Mapping left_kept_reads to transcriptome genes with Bowtie2 
[2017-07-12 10:22:42] Resuming TopHat pipeline with unmapped reads
[2017-07-12 10:22:42] Mapping left_kept_reads.m2g_um to genome genome with Bowtie2 
[2017-07-12 10:22:50] Mapping left_kept_reads.m2g_um_seg1 to genome genome with Bowtie2 (1/3)
[2017-07-12 10:23:00] Mapping left_kept_reads.m2g_um_seg2 to genome genome with Bowtie2 (2/3)
[2017-07-12 10:23:08] Mapping left_kept_reads.m2g_um_seg3 to genome genome with Bowtie2 (3/3)
[2017-07-12 10:23:17] Retrieving sequences for splices
[2017-07-12 10:24:52] Indexing splices
[2017-07-12 10:25:03] Mapping left_kept_reads.m2g_um_seg1 to genome segment_juncs with Bowtie2 (1/3)
[2017-07-12 10:25:05] Mapping left_kept_reads.m2g_um_seg2 to genome segment_juncs with Bowtie2 (2/3)
[2017-07-12 10:25:08] Mapping left_kept_reads.m2g_um_seg3 to genome segment_juncs with Bowtie2 (3/3)
[2017-07-12 10:25:10] Joining segment hits
[2017-07-12 10:26:41] Reporting output tracks
-----------------------------------------------
[2017-07-12 10:28:13] A summary of the alignment counts can be found in /Users/Pranav/Documents/Research/AnalysisResults/Align/cell89/align_summary.txt
[2017-07-12 10:28:13] Run complete: 00:11:27 elapsed
