
[2017-07-11 21:37:15] Beginning TopHat run (v2.0.14)
-----------------------------------------------
[2017-07-11 21:37:15] Checking for Bowtie
		  Bowtie version:	 2.3.2.0
[2017-07-11 21:37:15] Checking for Bowtie index files (genome)..
[2017-07-11 21:37:15] Checking for reference FASTA file
[2017-07-11 21:37:15] Generating SAM header for /Users/Pranav/Documents/Research/AnalysisResults/Reference/Mus_musculus_UCSC_mm10/Mus_musculus/UCSC/mm10/Sequence/Bowtie2Index/genome
[2017-07-11 21:37:25] Reading known junctions from GTF file
[2017-07-11 21:37:30] Preparing reads
	 left reads: min. length=32, max. length=76, 10572 kept reads (74 discarded)
[2017-07-11 21:37:30] Building transcriptome data files /Users/Pranav/Documents/Research/AnalysisResults/Align/cell73/tmp/genes
[2017-07-11 21:37:49] Building Bowtie index from genes.fa
[2017-07-11 21:43:10] Mapping left_kept_reads to transcriptome genes with Bowtie2 
[2017-07-11 21:43:11] Resuming TopHat pipeline with unmapped reads
[2017-07-11 21:43:11] Mapping left_kept_reads.m2g_um to genome genome with Bowtie2 
[2017-07-11 21:43:19] Mapping left_kept_reads.m2g_um_seg1 to genome genome with Bowtie2 (1/3)
[2017-07-11 21:43:28] Mapping left_kept_reads.m2g_um_seg2 to genome genome with Bowtie2 (2/3)
[2017-07-11 21:43:35] Mapping left_kept_reads.m2g_um_seg3 to genome genome with Bowtie2 (3/3)
[2017-07-11 21:43:43] Retrieving sequences for splices
[2017-07-11 21:45:19] Indexing splices
[2017-07-11 21:45:30] Mapping left_kept_reads.m2g_um_seg1 to genome segment_juncs with Bowtie2 (1/3)
[2017-07-11 21:45:32] Mapping left_kept_reads.m2g_um_seg2 to genome segment_juncs with Bowtie2 (2/3)
[2017-07-11 21:45:34] Mapping left_kept_reads.m2g_um_seg3 to genome segment_juncs with Bowtie2 (3/3)
[2017-07-11 21:45:37] Joining segment hits
[2017-07-11 21:47:08] Reporting output tracks
-----------------------------------------------
[2017-07-11 21:48:40] A summary of the alignment counts can be found in /Users/Pranav/Documents/Research/AnalysisResults/Align/cell73/align_summary.txt
[2017-07-11 21:48:40] Run complete: 00:11:24 elapsed
