
[2017-07-11 17:36:43] Beginning TopHat run (v2.0.14)
-----------------------------------------------
[2017-07-11 17:36:43] Checking for Bowtie
		  Bowtie version:	 2.3.2.0
[2017-07-11 17:36:43] Checking for Bowtie index files (genome)..
[2017-07-11 17:36:43] Checking for reference FASTA file
[2017-07-11 17:36:43] Generating SAM header for /Users/Pranav/Documents/Research/AnalysisResults/Reference/Mus_musculus_UCSC_mm10/Mus_musculus/UCSC/mm10/Sequence/Bowtie2Index/genome
[2017-07-11 17:36:52] Reading known junctions from GTF file
[2017-07-11 17:36:58] Preparing reads
	 left reads: min. length=32, max. length=76, 4570 kept reads (33 discarded)
[2017-07-11 17:36:58] Building transcriptome data files /Users/Pranav/Documents/Research/AnalysisResults/Align/cell55/tmp/genes
[2017-07-11 17:37:17] Building Bowtie index from genes.fa
[2017-07-11 17:42:36] Mapping left_kept_reads to transcriptome genes with Bowtie2 
[2017-07-11 17:42:38] Resuming TopHat pipeline with unmapped reads
[2017-07-11 17:42:38] Mapping left_kept_reads.m2g_um to genome genome with Bowtie2 
[2017-07-11 17:42:46] Mapping left_kept_reads.m2g_um_seg1 to genome genome with Bowtie2 (1/3)
[2017-07-11 17:42:55] Mapping left_kept_reads.m2g_um_seg2 to genome genome with Bowtie2 (2/3)
[2017-07-11 17:43:03] Mapping left_kept_reads.m2g_um_seg3 to genome genome with Bowtie2 (3/3)
[2017-07-11 17:43:10] Retrieving sequences for splices
[2017-07-11 17:44:46] Indexing splices
[2017-07-11 17:44:56] Mapping left_kept_reads.m2g_um_seg1 to genome segment_juncs with Bowtie2 (1/3)
[2017-07-11 17:44:59] Mapping left_kept_reads.m2g_um_seg2 to genome segment_juncs with Bowtie2 (2/3)
[2017-07-11 17:45:01] Mapping left_kept_reads.m2g_um_seg3 to genome segment_juncs with Bowtie2 (3/3)
[2017-07-11 17:45:03] Joining segment hits
[2017-07-11 17:46:35] Reporting output tracks
-----------------------------------------------
[2017-07-11 17:48:06] A summary of the alignment counts can be found in /Users/Pranav/Documents/Research/AnalysisResults/Align/cell55/align_summary.txt
[2017-07-11 17:48:06] Run complete: 00:11:23 elapsed
