
[2017-07-10 17:22:05] Beginning TopHat run (v2.0.14)
-----------------------------------------------
[2017-07-10 17:22:05] Checking for Bowtie
		  Bowtie version:	 2.3.2.0
[2017-07-10 17:22:06] Checking for Bowtie index files (genome)..
[2017-07-10 17:22:06] Checking for reference FASTA file
[2017-07-10 17:22:06] Generating SAM header for /Users/Pranav/Documents/Research/AnalysisResults/Reference/Mus_musculus_UCSC_mm10/Mus_musculus/UCSC/mm10/Sequence/Bowtie2Index/genome
[2017-07-10 17:22:12] Reading known junctions from GTF file
[2017-07-10 17:22:18] Preparing reads
	 left reads: min. length=71, max. length=76, 8214 kept reads (111 discarded)
[2017-07-10 17:22:18] Building transcriptome data files /Users/Pranav/Documents/Research/AnalysisResults/Align/cell5/tmp/genes
[2017-07-10 17:22:36] Building Bowtie index from genes.fa
[2017-07-10 17:27:59] Mapping left_kept_reads to transcriptome genes with Bowtie2 
[2017-07-10 17:28:01] Resuming TopHat pipeline with unmapped reads
[2017-07-10 17:28:01] Mapping left_kept_reads.m2g_um to genome genome with Bowtie2 
[2017-07-10 17:28:08] Mapping left_kept_reads.m2g_um_seg1 to genome genome with Bowtie2 (1/3)
[2017-07-10 17:28:16] Mapping left_kept_reads.m2g_um_seg2 to genome genome with Bowtie2 (2/3)
[2017-07-10 17:28:24] Mapping left_kept_reads.m2g_um_seg3 to genome genome with Bowtie2 (3/3)
[2017-07-10 17:28:32] Retrieving sequences for splices
[2017-07-10 17:30:08] Indexing splices
[2017-07-10 17:30:19] Mapping left_kept_reads.m2g_um_seg1 to genome segment_juncs with Bowtie2 (1/3)
[2017-07-10 17:30:21] Mapping left_kept_reads.m2g_um_seg2 to genome segment_juncs with Bowtie2 (2/3)
[2017-07-10 17:30:23] Mapping left_kept_reads.m2g_um_seg3 to genome segment_juncs with Bowtie2 (3/3)
[2017-07-10 17:30:25] Joining segment hits
[2017-07-10 17:31:57] Reporting output tracks
-----------------------------------------------
[2017-07-10 17:33:30] A summary of the alignment counts can be found in /Users/Pranav/Documents/Research/AnalysisResults/Align/cell5/align_summary.txt
[2017-07-10 17:33:30] Run complete: 00:11:24 elapsed
