
[2017-07-12 11:33:29] Beginning TopHat run (v2.0.14)
-----------------------------------------------
[2017-07-12 11:33:29] Checking for Bowtie
		  Bowtie version:	 2.3.2.0
[2017-07-12 11:33:29] Checking for Bowtie index files (genome)..
[2017-07-12 11:33:29] Checking for reference FASTA file
[2017-07-12 11:33:29] Generating SAM header for /Users/Pranav/Documents/Research/AnalysisResults/Reference/Mus_musculus_UCSC_mm10/Mus_musculus/UCSC/mm10/Sequence/Bowtie2Index/genome
[2017-07-12 11:33:37] Reading known junctions from GTF file
[2017-07-12 11:33:43] Preparing reads
	 left reads: min. length=32, max. length=76, 4031 kept reads (45 discarded)
[2017-07-12 11:33:43] Building transcriptome data files /Users/Pranav/Documents/Research/AnalysisResults/Align/cell95/tmp/genes
[2017-07-12 11:34:03] Building Bowtie index from genes.fa
[2017-07-12 11:39:23] Mapping left_kept_reads to transcriptome genes with Bowtie2 
[2017-07-12 11:39:25] Resuming TopHat pipeline with unmapped reads
[2017-07-12 11:39:25] Mapping left_kept_reads.m2g_um to genome genome with Bowtie2 
[2017-07-12 11:39:33] Mapping left_kept_reads.m2g_um_seg1 to genome genome with Bowtie2 (1/3)
[2017-07-12 11:39:42] Mapping left_kept_reads.m2g_um_seg2 to genome genome with Bowtie2 (2/3)
[2017-07-12 11:39:51] Mapping left_kept_reads.m2g_um_seg3 to genome genome with Bowtie2 (3/3)
[2017-07-12 11:39:59] Retrieving sequences for splices
[2017-07-12 11:41:35] Indexing splices
[2017-07-12 11:41:45] Mapping left_kept_reads.m2g_um_seg1 to genome segment_juncs with Bowtie2 (1/3)
[2017-07-12 11:41:48] Mapping left_kept_reads.m2g_um_seg2 to genome segment_juncs with Bowtie2 (2/3)
[2017-07-12 11:41:50] Mapping left_kept_reads.m2g_um_seg3 to genome segment_juncs with Bowtie2 (3/3)
[2017-07-12 11:41:52] Joining segment hits
[2017-07-12 11:43:24] Reporting output tracks
-----------------------------------------------
[2017-07-12 11:44:55] A summary of the alignment counts can be found in /Users/Pranav/Documents/Research/AnalysisResults/Align/cell95/align_summary.txt
[2017-07-12 11:44:55] Run complete: 00:11:26 elapsed
