
[2017-07-10 19:02:17] Beginning TopHat run (v2.0.14)
-----------------------------------------------
[2017-07-10 19:02:17] Checking for Bowtie
		  Bowtie version:	 2.3.2.0
[2017-07-10 19:02:17] Checking for Bowtie index files (genome)..
[2017-07-10 19:02:17] Checking for reference FASTA file
[2017-07-10 19:02:17] Generating SAM header for /Users/Pranav/Documents/Research/AnalysisResults/Reference/Mus_musculus_UCSC_mm10/Mus_musculus/UCSC/mm10/Sequence/Bowtie2Index/genome
[2017-07-10 19:02:25] Reading known junctions from GTF file
[2017-07-10 19:02:30] Preparing reads
	 left reads: min. length=34, max. length=76, 4650 kept reads (42 discarded)
[2017-07-10 19:02:30] Building transcriptome data files /Users/Pranav/Documents/Research/AnalysisResults/Align/cell10/tmp/genes
[2017-07-10 19:02:48] Building Bowtie index from genes.fa
[2017-07-10 19:08:14] Mapping left_kept_reads to transcriptome genes with Bowtie2 
[2017-07-10 19:08:16] Resuming TopHat pipeline with unmapped reads
[2017-07-10 19:08:16] Mapping left_kept_reads.m2g_um to genome genome with Bowtie2 
[2017-07-10 19:08:24] Mapping left_kept_reads.m2g_um_seg1 to genome genome with Bowtie2 (1/3)
[2017-07-10 19:08:33] Mapping left_kept_reads.m2g_um_seg2 to genome genome with Bowtie2 (2/3)
[2017-07-10 19:08:41] Mapping left_kept_reads.m2g_um_seg3 to genome genome with Bowtie2 (3/3)
[2017-07-10 19:08:50] Retrieving sequences for splices
[2017-07-10 19:10:26] Indexing splices
[2017-07-10 19:10:37] Mapping left_kept_reads.m2g_um_seg1 to genome segment_juncs with Bowtie2 (1/3)
[2017-07-10 19:10:39] Mapping left_kept_reads.m2g_um_seg2 to genome segment_juncs with Bowtie2 (2/3)
[2017-07-10 19:10:41] Mapping left_kept_reads.m2g_um_seg3 to genome segment_juncs with Bowtie2 (3/3)
[2017-07-10 19:10:43] Joining segment hits
[2017-07-10 19:12:15] Reporting output tracks
-----------------------------------------------
[2017-07-10 19:13:48] A summary of the alignment counts can be found in /Users/Pranav/Documents/Research/AnalysisResults/Align/cell10/align_summary.txt
[2017-07-10 19:13:48] Run complete: 00:11:31 elapsed
