
[2017-07-10 23:25:52] Beginning TopHat run (v2.0.14)
-----------------------------------------------
[2017-07-10 23:25:52] Checking for Bowtie
		  Bowtie version:	 2.3.2.0
[2017-07-10 23:25:53] Checking for Bowtie index files (genome)..
[2017-07-10 23:25:53] Checking for reference FASTA file
[2017-07-10 23:25:53] Generating SAM header for /Users/Pranav/Documents/Research/AnalysisResults/Reference/Mus_musculus_UCSC_mm10/Mus_musculus/UCSC/mm10/Sequence/Bowtie2Index/genome
[2017-07-10 23:26:00] Reading known junctions from GTF file
[2017-07-10 23:26:07] Preparing reads
	 left reads: min. length=32, max. length=76, 2369 kept reads (25 discarded)
[2017-07-10 23:26:07] Building transcriptome data files /Users/Pranav/Documents/Research/AnalysisResults/Align/cell18/tmp/genes
[2017-07-10 23:26:28] Building Bowtie index from genes.fa
[2017-07-10 23:32:48] Mapping left_kept_reads to transcriptome genes with Bowtie2 
[2017-07-10 23:32:50] Resuming TopHat pipeline with unmapped reads
[2017-07-10 23:32:50] Mapping left_kept_reads.m2g_um to genome genome with Bowtie2 
[2017-07-10 23:32:59] Mapping left_kept_reads.m2g_um_seg1 to genome genome with Bowtie2 (1/3)
[2017-07-10 23:33:07] Mapping left_kept_reads.m2g_um_seg2 to genome genome with Bowtie2 (2/3)
[2017-07-10 23:33:16] Mapping left_kept_reads.m2g_um_seg3 to genome genome with Bowtie2 (3/3)
[2017-07-10 23:33:25] Retrieving sequences for splices
[2017-07-10 23:35:01] Indexing splices
[2017-07-10 23:35:12] Mapping left_kept_reads.m2g_um_seg1 to genome segment_juncs with Bowtie2 (1/3)
[2017-07-10 23:35:14] Mapping left_kept_reads.m2g_um_seg2 to genome segment_juncs with Bowtie2 (2/3)
[2017-07-10 23:35:16] Mapping left_kept_reads.m2g_um_seg3 to genome segment_juncs with Bowtie2 (3/3)
[2017-07-10 23:35:19] Joining segment hits
[2017-07-10 23:36:51] Reporting output tracks
-----------------------------------------------
[2017-07-10 23:38:23] A summary of the alignment counts can be found in /Users/Pranav/Documents/Research/AnalysisResults/Align/cell18/align_summary.txt
[2017-07-10 23:38:23] Run complete: 00:12:30 elapsed
