
[2017-07-10 17:33:31] Beginning TopHat run (v2.0.14)
-----------------------------------------------
[2017-07-10 17:33:31] Checking for Bowtie
		  Bowtie version:	 2.3.2.0
[2017-07-10 17:33:31] Checking for Bowtie index files (genome)..
[2017-07-10 17:33:31] Checking for reference FASTA file
[2017-07-10 17:33:31] Generating SAM header for /Users/Pranav/Documents/Research/AnalysisResults/Reference/Mus_musculus_UCSC_mm10/Mus_musculus/UCSC/mm10/Sequence/Bowtie2Index/genome
[2017-07-10 17:33:39] Reading known junctions from GTF file
[2017-07-10 17:33:45] Preparing reads
	 left reads: min. length=71, max. length=76, 2439 kept reads (20 discarded)
[2017-07-10 17:33:45] Building transcriptome data files /Users/Pranav/Documents/Research/AnalysisResults/Align/cell6/tmp/genes
[2017-07-10 17:34:03] Building Bowtie index from genes.fa
[2017-07-10 17:39:37] Mapping left_kept_reads to transcriptome genes with Bowtie2 
[2017-07-10 17:39:39] Resuming TopHat pipeline with unmapped reads
[2017-07-10 17:39:39] Mapping left_kept_reads.m2g_um to genome genome with Bowtie2 
[2017-07-10 17:39:48] Mapping left_kept_reads.m2g_um_seg1 to genome genome with Bowtie2 (1/3)
[2017-07-10 17:39:56] Mapping left_kept_reads.m2g_um_seg2 to genome genome with Bowtie2 (2/3)
[2017-07-10 17:40:04] Mapping left_kept_reads.m2g_um_seg3 to genome genome with Bowtie2 (3/3)
[2017-07-10 17:40:12] Retrieving sequences for splices
[2017-07-10 17:41:54] Indexing splices
[2017-07-10 17:42:05] Mapping left_kept_reads.m2g_um_seg1 to genome segment_juncs with Bowtie2 (1/3)
[2017-07-10 17:42:08] Mapping left_kept_reads.m2g_um_seg2 to genome segment_juncs with Bowtie2 (2/3)
[2017-07-10 17:42:10] Mapping left_kept_reads.m2g_um_seg3 to genome segment_juncs with Bowtie2 (3/3)
[2017-07-10 17:42:12] Joining segment hits
[2017-07-10 17:43:51] Reporting output tracks
-----------------------------------------------
[2017-07-10 17:45:34] A summary of the alignment counts can be found in /Users/Pranav/Documents/Research/AnalysisResults/Align/cell6/align_summary.txt
[2017-07-10 17:45:34] Run complete: 00:12:02 elapsed
