
[2017-07-11 09:51:45] Beginning TopHat run (v2.0.14)
-----------------------------------------------
[2017-07-11 09:51:45] Checking for Bowtie
		  Bowtie version:	 2.3.2.0
[2017-07-11 09:51:45] Checking for Bowtie index files (genome)..
[2017-07-11 09:51:45] Checking for reference FASTA file
[2017-07-11 09:51:45] Generating SAM header for /Users/Pranav/Documents/Research/AnalysisResults/Reference/Mus_musculus_UCSC_mm10/Mus_musculus/UCSC/mm10/Sequence/Bowtie2Index/genome
[2017-07-11 09:51:53] Reading known junctions from GTF file
[2017-07-11 09:51:59] Preparing reads
	 left reads: min. length=39, max. length=76, 3113 kept reads (21 discarded)
[2017-07-11 09:51:59] Building transcriptome data files /Users/Pranav/Documents/Research/AnalysisResults/Align/cell21/tmp/genes
[2017-07-11 09:52:17] Building Bowtie index from genes.fa
[2017-07-11 10:00:31] Mapping left_kept_reads to transcriptome genes with Bowtie2 
[2017-07-11 10:00:33] Resuming TopHat pipeline with unmapped reads
[2017-07-11 10:00:33] Mapping left_kept_reads.m2g_um to genome genome with Bowtie2 
[2017-07-11 10:00:42] Mapping left_kept_reads.m2g_um_seg1 to genome genome with Bowtie2 (1/3)
[2017-07-11 10:00:51] Mapping left_kept_reads.m2g_um_seg2 to genome genome with Bowtie2 (2/3)
[2017-07-11 10:01:01] Mapping left_kept_reads.m2g_um_seg3 to genome genome with Bowtie2 (3/3)
[2017-07-11 10:01:10] Retrieving sequences for splices
[2017-07-11 10:02:48] Indexing splices
[2017-07-11 10:02:59] Mapping left_kept_reads.m2g_um_seg1 to genome segment_juncs with Bowtie2 (1/3)
[2017-07-11 10:03:01] Mapping left_kept_reads.m2g_um_seg2 to genome segment_juncs with Bowtie2 (2/3)
[2017-07-11 10:03:03] Mapping left_kept_reads.m2g_um_seg3 to genome segment_juncs with Bowtie2 (3/3)
[2017-07-11 10:03:06] Joining segment hits
[2017-07-11 10:04:46] Reporting output tracks
-----------------------------------------------
[2017-07-11 10:06:26] A summary of the alignment counts can be found in /Users/Pranav/Documents/Research/AnalysisResults/Align/cell21/align_summary.txt
[2017-07-11 10:06:26] Run complete: 00:14:41 elapsed
