
[2017-07-10 23:09:48] Beginning TopHat run (v2.0.14)
-----------------------------------------------
[2017-07-10 23:09:48] Checking for Bowtie
		  Bowtie version:	 2.3.2.0
[2017-07-10 23:09:48] Checking for Bowtie index files (genome)..
[2017-07-10 23:09:48] Checking for reference FASTA file
[2017-07-10 23:09:48] Generating SAM header for /Users/Pranav/Documents/Research/AnalysisResults/Reference/Mus_musculus_UCSC_mm10/Mus_musculus/UCSC/mm10/Sequence/Bowtie2Index/genome
[2017-07-10 23:09:57] Reading known junctions from GTF file
[2017-07-10 23:10:03] Preparing reads
	 left reads: min. length=32, max. length=76, 3577 kept reads (26 discarded)
[2017-07-10 23:10:03] Building transcriptome data files /Users/Pranav/Documents/Research/AnalysisResults/Align/cell17/tmp/genes
[2017-07-10 23:10:24] Building Bowtie index from genes.fa
[2017-07-10 23:19:47] Mapping left_kept_reads to transcriptome genes with Bowtie2 
[2017-07-10 23:19:49] Resuming TopHat pipeline with unmapped reads
[2017-07-10 23:19:49] Mapping left_kept_reads.m2g_um to genome genome with Bowtie2 
[2017-07-10 23:19:59] Mapping left_kept_reads.m2g_um_seg1 to genome genome with Bowtie2 (1/3)
[2017-07-10 23:20:08] Mapping left_kept_reads.m2g_um_seg2 to genome genome with Bowtie2 (2/3)
[2017-07-10 23:20:18] Mapping left_kept_reads.m2g_um_seg3 to genome genome with Bowtie2 (3/3)
[2017-07-10 23:20:27] Retrieving sequences for splices
[2017-07-10 23:22:10] Indexing splices
[2017-07-10 23:22:22] Mapping left_kept_reads.m2g_um_seg1 to genome segment_juncs with Bowtie2 (1/3)
[2017-07-10 23:22:24] Mapping left_kept_reads.m2g_um_seg2 to genome segment_juncs with Bowtie2 (2/3)
[2017-07-10 23:22:27] Mapping left_kept_reads.m2g_um_seg3 to genome segment_juncs with Bowtie2 (3/3)
[2017-07-10 23:22:29] Joining segment hits
[2017-07-10 23:24:11] Reporting output tracks
-----------------------------------------------
[2017-07-10 23:25:52] A summary of the alignment counts can be found in /Users/Pranav/Documents/Research/AnalysisResults/Align/cell17/align_summary.txt
[2017-07-10 23:25:52] Run complete: 00:16:04 elapsed
