
[2017-07-12 11:44:55] Beginning TopHat run (v2.0.14)
-----------------------------------------------
[2017-07-12 11:44:55] Checking for Bowtie
		  Bowtie version:	 2.3.2.0
[2017-07-12 11:44:55] Checking for Bowtie index files (genome)..
[2017-07-12 11:44:55] Checking for reference FASTA file
[2017-07-12 11:44:55] Generating SAM header for /Users/Pranav/Documents/Research/AnalysisResults/Reference/Mus_musculus_UCSC_mm10/Mus_musculus/UCSC/mm10/Sequence/Bowtie2Index/genome
[2017-07-12 11:45:04] Reading known junctions from GTF file
[2017-07-12 11:45:10] Preparing reads
	 left reads: min. length=32, max. length=76, 3651 kept reads (40 discarded)
[2017-07-12 11:45:10] Building transcriptome data files /Users/Pranav/Documents/Research/AnalysisResults/Align/cell96/tmp/genes
[2017-07-12 11:45:30] Building Bowtie index from genes.fa
[2017-07-12 11:50:57] Mapping left_kept_reads to transcriptome genes with Bowtie2 
[2017-07-12 11:50:59] Resuming TopHat pipeline with unmapped reads
[2017-07-12 11:50:59] Mapping left_kept_reads.m2g_um to genome genome with Bowtie2 
[2017-07-12 11:51:08] Mapping left_kept_reads.m2g_um_seg1 to genome genome with Bowtie2 (1/3)
[2017-07-12 11:51:17] Mapping left_kept_reads.m2g_um_seg2 to genome genome with Bowtie2 (2/3)
[2017-07-12 11:51:26] Mapping left_kept_reads.m2g_um_seg3 to genome genome with Bowtie2 (3/3)
[2017-07-12 11:51:35] Retrieving sequences for splices
[2017-07-12 11:53:10] Indexing splices
[2017-07-12 11:53:21] Mapping left_kept_reads.m2g_um_seg1 to genome segment_juncs with Bowtie2 (1/3)
[2017-07-12 11:53:24] Mapping left_kept_reads.m2g_um_seg2 to genome segment_juncs with Bowtie2 (2/3)
[2017-07-12 11:53:26] Mapping left_kept_reads.m2g_um_seg3 to genome segment_juncs with Bowtie2 (3/3)
[2017-07-12 11:53:28] Joining segment hits
[2017-07-12 11:55:00] Reporting output tracks
-----------------------------------------------
[2017-07-12 11:56:32] A summary of the alignment counts can be found in /Users/Pranav/Documents/Research/AnalysisResults/Align/cell96/align_summary.txt
[2017-07-12 11:56:32] Run complete: 00:11:36 elapsed
