
[2017-07-11 22:23:14] Beginning TopHat run (v2.0.14)
-----------------------------------------------
[2017-07-11 22:23:14] Checking for Bowtie
		  Bowtie version:	 2.3.2.0
[2017-07-11 22:23:14] Checking for Bowtie index files (genome)..
[2017-07-11 22:23:14] Checking for reference FASTA file
[2017-07-11 22:23:14] Generating SAM header for /Users/Pranav/Documents/Research/AnalysisResults/Reference/Mus_musculus_UCSC_mm10/Mus_musculus/UCSC/mm10/Sequence/Bowtie2Index/genome
[2017-07-11 22:23:23] Reading known junctions from GTF file
[2017-07-11 22:23:28] Preparing reads
	 left reads: min. length=73, max. length=76, 350 kept reads (5 discarded)
[2017-07-11 22:23:28] Building transcriptome data files /Users/Pranav/Documents/Research/AnalysisResults/Align/cell77/tmp/genes
[2017-07-11 22:23:47] Building Bowtie index from genes.fa
[2017-07-11 22:29:07] Mapping left_kept_reads to transcriptome genes with Bowtie2 
[2017-07-11 22:29:08] Resuming TopHat pipeline with unmapped reads
[2017-07-11 22:29:08] Mapping left_kept_reads.m2g_um to genome genome with Bowtie2 
[2017-07-11 22:29:16] Mapping left_kept_reads.m2g_um_seg1 to genome genome with Bowtie2 (1/3)
[2017-07-11 22:29:26] Mapping left_kept_reads.m2g_um_seg2 to genome genome with Bowtie2 (2/3)
[2017-07-11 22:29:34] Mapping left_kept_reads.m2g_um_seg3 to genome genome with Bowtie2 (3/3)
[2017-07-11 22:29:43] Retrieving sequences for splices
[2017-07-11 22:31:18] Indexing splices
[2017-07-11 22:31:29] Mapping left_kept_reads.m2g_um_seg1 to genome segment_juncs with Bowtie2 (1/3)
[2017-07-11 22:31:31] Mapping left_kept_reads.m2g_um_seg2 to genome segment_juncs with Bowtie2 (2/3)
[2017-07-11 22:31:33] Mapping left_kept_reads.m2g_um_seg3 to genome segment_juncs with Bowtie2 (3/3)
[2017-07-11 22:31:36] Joining segment hits
[2017-07-11 22:33:07] Reporting output tracks
-----------------------------------------------
[2017-07-11 22:34:38] A summary of the alignment counts can be found in /Users/Pranav/Documents/Research/AnalysisResults/Align/cell77/align_summary.txt
[2017-07-11 22:34:38] Run complete: 00:11:24 elapsed
