
[2017-07-12 10:45:20] Beginning TopHat run (v2.0.14)
-----------------------------------------------
[2017-07-12 10:45:20] Checking for Bowtie
		  Bowtie version:	 2.3.2.0
[2017-07-12 10:45:20] Checking for Bowtie index files (genome)..
[2017-07-12 10:45:20] Checking for reference FASTA file
[2017-07-12 10:45:20] Generating SAM header for /Users/Pranav/Documents/Research/AnalysisResults/Reference/Mus_musculus_UCSC_mm10/Mus_musculus/UCSC/mm10/Sequence/Bowtie2Index/genome
[2017-07-12 10:45:28] Reading known junctions from GTF file
[2017-07-12 10:45:34] Preparing reads
	 left reads: min. length=32, max. length=76, 11622 kept reads (79 discarded)
[2017-07-12 10:45:35] Building transcriptome data files /Users/Pranav/Documents/Research/AnalysisResults/Align/cell91/tmp/genes
[2017-07-12 10:45:57] Building Bowtie index from genes.fa
[2017-07-12 10:51:43] Mapping left_kept_reads to transcriptome genes with Bowtie2 
[2017-07-12 10:51:45] Resuming TopHat pipeline with unmapped reads
[2017-07-12 10:51:45] Mapping left_kept_reads.m2g_um to genome genome with Bowtie2 
[2017-07-12 10:51:56] Mapping left_kept_reads.m2g_um_seg1 to genome genome with Bowtie2 (1/3)
[2017-07-12 10:52:06] Mapping left_kept_reads.m2g_um_seg2 to genome genome with Bowtie2 (2/3)
[2017-07-12 10:52:16] Mapping left_kept_reads.m2g_um_seg3 to genome genome with Bowtie2 (3/3)
[2017-07-12 10:52:26] Retrieving sequences for splices
[2017-07-12 10:54:04] Indexing splices
[2017-07-12 10:54:15] Mapping left_kept_reads.m2g_um_seg1 to genome segment_juncs with Bowtie2 (1/3)
[2017-07-12 10:54:17] Mapping left_kept_reads.m2g_um_seg2 to genome segment_juncs with Bowtie2 (2/3)
[2017-07-12 10:54:19] Mapping left_kept_reads.m2g_um_seg3 to genome segment_juncs with Bowtie2 (3/3)
[2017-07-12 10:54:22] Joining segment hits
[2017-07-12 10:56:00] Reporting output tracks
-----------------------------------------------
[2017-07-12 10:57:38] A summary of the alignment counts can be found in /Users/Pranav/Documents/Research/AnalysisResults/Align/cell91/align_summary.txt
[2017-07-12 10:57:38] Run complete: 00:12:18 elapsed
