
[2017-07-11 13:08:26] Beginning TopHat run (v2.0.14)
-----------------------------------------------
[2017-07-11 13:08:26] Checking for Bowtie
		  Bowtie version:	 2.3.2.0
[2017-07-11 13:08:26] Checking for Bowtie index files (genome)..
[2017-07-11 13:08:26] Checking for reference FASTA file
[2017-07-11 13:08:26] Generating SAM header for /Users/Pranav/Documents/Research/AnalysisResults/Reference/Mus_musculus_UCSC_mm10/Mus_musculus/UCSC/mm10/Sequence/Bowtie2Index/genome
[2017-07-11 13:08:34] Reading known junctions from GTF file
[2017-07-11 13:08:39] Preparing reads
	 left reads: min. length=41, max. length=76, 4697 kept reads (24 discarded)
[2017-07-11 13:08:39] Building transcriptome data files /Users/Pranav/Documents/Research/AnalysisResults/Align/cell34/tmp/genes
[2017-07-11 13:08:58] Building Bowtie index from genes.fa
[2017-07-11 13:14:17] Mapping left_kept_reads to transcriptome genes with Bowtie2 
[2017-07-11 13:14:19] Resuming TopHat pipeline with unmapped reads
[2017-07-11 13:14:19] Mapping left_kept_reads.m2g_um to genome genome with Bowtie2 
[2017-07-11 13:14:26] Mapping left_kept_reads.m2g_um_seg1 to genome genome with Bowtie2 (1/3)
[2017-07-11 13:14:35] Mapping left_kept_reads.m2g_um_seg2 to genome genome with Bowtie2 (2/3)
[2017-07-11 13:14:42] Mapping left_kept_reads.m2g_um_seg3 to genome genome with Bowtie2 (3/3)
[2017-07-11 13:14:49] Retrieving sequences for splices
[2017-07-11 13:16:24] Indexing splices
[2017-07-11 13:16:35] Mapping left_kept_reads.m2g_um_seg1 to genome segment_juncs with Bowtie2 (1/3)
[2017-07-11 13:16:37] Mapping left_kept_reads.m2g_um_seg2 to genome segment_juncs with Bowtie2 (2/3)
[2017-07-11 13:16:39] Mapping left_kept_reads.m2g_um_seg3 to genome segment_juncs with Bowtie2 (3/3)
[2017-07-11 13:16:41] Joining segment hits
[2017-07-11 13:18:13] Reporting output tracks
-----------------------------------------------
[2017-07-11 13:19:45] A summary of the alignment counts can be found in /Users/Pranav/Documents/Research/AnalysisResults/Align/cell34/align_summary.txt
[2017-07-11 13:19:45] Run complete: 00:11:18 elapsed
