
[2017-07-11 13:31:08] Beginning TopHat run (v2.0.14)
-----------------------------------------------
[2017-07-11 13:31:08] Checking for Bowtie
		  Bowtie version:	 2.3.2.0
[2017-07-11 13:31:08] Checking for Bowtie index files (genome)..
[2017-07-11 13:31:08] Checking for reference FASTA file
[2017-07-11 13:31:08] Generating SAM header for /Users/Pranav/Documents/Research/AnalysisResults/Reference/Mus_musculus_UCSC_mm10/Mus_musculus/UCSC/mm10/Sequence/Bowtie2Index/genome
[2017-07-11 13:31:17] Reading known junctions from GTF file
[2017-07-11 13:31:22] Preparing reads
	 left reads: min. length=32, max. length=76, 5627 kept reads (34 discarded)
[2017-07-11 13:31:22] Building transcriptome data files /Users/Pranav/Documents/Research/AnalysisResults/Align/cell36/tmp/genes
[2017-07-11 13:31:40] Building Bowtie index from genes.fa
[2017-07-11 13:37:05] Mapping left_kept_reads to transcriptome genes with Bowtie2 
[2017-07-11 13:37:07] Resuming TopHat pipeline with unmapped reads
[2017-07-11 13:37:07] Mapping left_kept_reads.m2g_um to genome genome with Bowtie2 
[2017-07-11 13:37:15] Mapping left_kept_reads.m2g_um_seg1 to genome genome with Bowtie2 (1/3)
[2017-07-11 13:37:24] Mapping left_kept_reads.m2g_um_seg2 to genome genome with Bowtie2 (2/3)
[2017-07-11 13:37:32] Mapping left_kept_reads.m2g_um_seg3 to genome genome with Bowtie2 (3/3)
[2017-07-11 13:37:40] Retrieving sequences for splices
[2017-07-11 13:39:16] Indexing splices
[2017-07-11 13:39:26] Mapping left_kept_reads.m2g_um_seg1 to genome segment_juncs with Bowtie2 (1/3)
[2017-07-11 13:39:29] Mapping left_kept_reads.m2g_um_seg2 to genome segment_juncs with Bowtie2 (2/3)
[2017-07-11 13:39:31] Mapping left_kept_reads.m2g_um_seg3 to genome segment_juncs with Bowtie2 (3/3)
[2017-07-11 13:39:33] Joining segment hits
[2017-07-11 13:41:05] Reporting output tracks
-----------------------------------------------
[2017-07-11 13:42:37] A summary of the alignment counts can be found in /Users/Pranav/Documents/Research/AnalysisResults/Align/cell36/align_summary.txt
[2017-07-11 13:42:37] Run complete: 00:11:29 elapsed
