
[2017-07-11 21:14:11] Beginning TopHat run (v2.0.14)
-----------------------------------------------
[2017-07-11 21:14:11] Checking for Bowtie
		  Bowtie version:	 2.3.2.0
[2017-07-11 21:14:11] Checking for Bowtie index files (genome)..
[2017-07-11 21:14:11] Checking for reference FASTA file
[2017-07-11 21:14:11] Generating SAM header for /Users/Pranav/Documents/Research/AnalysisResults/Reference/Mus_musculus_UCSC_mm10/Mus_musculus/UCSC/mm10/Sequence/Bowtie2Index/genome
[2017-07-11 21:14:20] Reading known junctions from GTF file
[2017-07-11 21:14:26] Preparing reads
	 left reads: min. length=72, max. length=76, 367 kept reads (5 discarded)
[2017-07-11 21:14:26] Building transcriptome data files /Users/Pranav/Documents/Research/AnalysisResults/Align/cell71/tmp/genes
[2017-07-11 21:14:44] Building Bowtie index from genes.fa
[2017-07-11 21:20:10] Mapping left_kept_reads to transcriptome genes with Bowtie2 
[2017-07-11 21:20:12] Resuming TopHat pipeline with unmapped reads
[2017-07-11 21:20:12] Mapping left_kept_reads.m2g_um to genome genome with Bowtie2 
[2017-07-11 21:20:20] Mapping left_kept_reads.m2g_um_seg1 to genome genome with Bowtie2 (1/3)
[2017-07-11 21:20:29] Mapping left_kept_reads.m2g_um_seg2 to genome genome with Bowtie2 (2/3)
[2017-07-11 21:20:37] Mapping left_kept_reads.m2g_um_seg3 to genome genome with Bowtie2 (3/3)
[2017-07-11 21:20:46] Retrieving sequences for splices
[2017-07-11 21:22:22] Indexing splices
[2017-07-11 21:22:33] Mapping left_kept_reads.m2g_um_seg1 to genome segment_juncs with Bowtie2 (1/3)
[2017-07-11 21:22:35] Mapping left_kept_reads.m2g_um_seg2 to genome segment_juncs with Bowtie2 (2/3)
[2017-07-11 21:22:37] Mapping left_kept_reads.m2g_um_seg3 to genome segment_juncs with Bowtie2 (3/3)
[2017-07-11 21:22:39] Joining segment hits
[2017-07-11 21:24:11] Reporting output tracks
-----------------------------------------------
[2017-07-11 21:25:43] A summary of the alignment counts can be found in /Users/Pranav/Documents/Research/AnalysisResults/Align/cell71/align_summary.txt
[2017-07-11 21:25:43] Run complete: 00:11:32 elapsed
