
[2017-07-10 19:25:21] Beginning TopHat run (v2.0.14)
-----------------------------------------------
[2017-07-10 19:25:21] Checking for Bowtie
		  Bowtie version:	 2.3.2.0
[2017-07-10 19:25:21] Checking for Bowtie index files (genome)..
[2017-07-10 19:25:21] Checking for reference FASTA file
[2017-07-10 19:25:21] Generating SAM header for /Users/Pranav/Documents/Research/AnalysisResults/Reference/Mus_musculus_UCSC_mm10/Mus_musculus/UCSC/mm10/Sequence/Bowtie2Index/genome
[2017-07-10 19:25:28] Reading known junctions from GTF file
[2017-07-10 19:25:34] Preparing reads
	 left reads: min. length=71, max. length=76, 1872 kept reads (11 discarded)
[2017-07-10 19:25:34] Building transcriptome data files /Users/Pranav/Documents/Research/AnalysisResults/Align/cell12/tmp/genes
[2017-07-10 19:25:52] Building Bowtie index from genes.fa
[2017-07-10 19:31:13] Mapping left_kept_reads to transcriptome genes with Bowtie2 
[2017-07-10 19:31:14] Resuming TopHat pipeline with unmapped reads
[2017-07-10 19:31:14] Mapping left_kept_reads.m2g_um to genome genome with Bowtie2 
[2017-07-10 19:31:22] Mapping left_kept_reads.m2g_um_seg1 to genome genome with Bowtie2 (1/3)
[2017-07-10 19:31:30] Mapping left_kept_reads.m2g_um_seg2 to genome genome with Bowtie2 (2/3)
[2017-07-10 19:31:38] Mapping left_kept_reads.m2g_um_seg3 to genome genome with Bowtie2 (3/3)
[2017-07-10 19:31:45] Retrieving sequences for splices
[2017-07-10 19:33:20] Indexing splices
[2017-07-10 19:33:31] Mapping left_kept_reads.m2g_um_seg1 to genome segment_juncs with Bowtie2 (1/3)
[2017-07-10 19:33:33] Mapping left_kept_reads.m2g_um_seg2 to genome segment_juncs with Bowtie2 (2/3)
[2017-07-10 19:33:35] Mapping left_kept_reads.m2g_um_seg3 to genome segment_juncs with Bowtie2 (3/3)
[2017-07-10 19:33:37] Joining segment hits
[2017-07-10 19:35:09] Reporting output tracks
-----------------------------------------------
[2017-07-10 19:36:42] A summary of the alignment counts can be found in /Users/Pranav/Documents/Research/AnalysisResults/Align/cell12/align_summary.txt
[2017-07-10 19:36:42] Run complete: 00:11:20 elapsed
