
[2017-07-11 17:25:18] Beginning TopHat run (v2.0.14)
-----------------------------------------------
[2017-07-11 17:25:18] Checking for Bowtie
		  Bowtie version:	 2.3.2.0
[2017-07-11 17:25:18] Checking for Bowtie index files (genome)..
[2017-07-11 17:25:18] Checking for reference FASTA file
[2017-07-11 17:25:18] Generating SAM header for /Users/Pranav/Documents/Research/AnalysisResults/Reference/Mus_musculus_UCSC_mm10/Mus_musculus/UCSC/mm10/Sequence/Bowtie2Index/genome
[2017-07-11 17:25:26] Reading known junctions from GTF file
[2017-07-11 17:25:32] Preparing reads
	 left reads: min. length=70, max. length=76, 3149 kept reads (19 discarded)
[2017-07-11 17:25:32] Building transcriptome data files /Users/Pranav/Documents/Research/AnalysisResults/Align/cell54/tmp/genes
[2017-07-11 17:25:52] Building Bowtie index from genes.fa
[2017-07-11 17:31:12] Mapping left_kept_reads to transcriptome genes with Bowtie2 
[2017-07-11 17:31:13] Resuming TopHat pipeline with unmapped reads
[2017-07-11 17:31:13] Mapping left_kept_reads.m2g_um to genome genome with Bowtie2 
[2017-07-11 17:31:21] Mapping left_kept_reads.m2g_um_seg1 to genome genome with Bowtie2 (1/3)
[2017-07-11 17:31:30] Mapping left_kept_reads.m2g_um_seg2 to genome genome with Bowtie2 (2/3)
[2017-07-11 17:31:38] Mapping left_kept_reads.m2g_um_seg3 to genome genome with Bowtie2 (3/3)
[2017-07-11 17:31:47] Retrieving sequences for splices
[2017-07-11 17:33:22] Indexing splices
[2017-07-11 17:33:33] Mapping left_kept_reads.m2g_um_seg1 to genome segment_juncs with Bowtie2 (1/3)
[2017-07-11 17:33:35] Mapping left_kept_reads.m2g_um_seg2 to genome segment_juncs with Bowtie2 (2/3)
[2017-07-11 17:33:38] Mapping left_kept_reads.m2g_um_seg3 to genome segment_juncs with Bowtie2 (3/3)
[2017-07-11 17:33:40] Joining segment hits
[2017-07-11 17:35:11] Reporting output tracks
-----------------------------------------------
[2017-07-11 17:36:43] A summary of the alignment counts can be found in /Users/Pranav/Documents/Research/AnalysisResults/Align/cell54/align_summary.txt
[2017-07-11 17:36:43] Run complete: 00:11:25 elapsed
