
[2017-07-11 11:56:37] Beginning TopHat run (v2.0.14)
-----------------------------------------------
[2017-07-11 11:56:37] Checking for Bowtie
		  Bowtie version:	 2.3.2.0
[2017-07-11 11:56:37] Checking for Bowtie index files (genome)..
[2017-07-11 11:56:37] Checking for reference FASTA file
[2017-07-11 11:56:37] Generating SAM header for /Users/Pranav/Documents/Research/AnalysisResults/Reference/Mus_musculus_UCSC_mm10/Mus_musculus/UCSC/mm10/Sequence/Bowtie2Index/genome
[2017-07-11 11:56:45] Reading known junctions from GTF file
[2017-07-11 11:56:51] Preparing reads
	 left reads: min. length=32, max. length=76, 17756 kept reads (96 discarded)
[2017-07-11 11:56:52] Building transcriptome data files /Users/Pranav/Documents/Research/AnalysisResults/Align/cell28/tmp/genes
[2017-07-11 11:57:12] Building Bowtie index from genes.fa
[2017-07-11 12:03:13] Mapping left_kept_reads to transcriptome genes with Bowtie2 
[2017-07-11 12:03:15] Resuming TopHat pipeline with unmapped reads
[2017-07-11 12:03:15] Mapping left_kept_reads.m2g_um to genome genome with Bowtie2 
[2017-07-11 12:03:23] Mapping left_kept_reads.m2g_um_seg1 to genome genome with Bowtie2 (1/3)
[2017-07-11 12:03:32] Mapping left_kept_reads.m2g_um_seg2 to genome genome with Bowtie2 (2/3)
[2017-07-11 12:03:40] Mapping left_kept_reads.m2g_um_seg3 to genome genome with Bowtie2 (3/3)
[2017-07-11 12:03:49] Retrieving sequences for splices
[2017-07-11 12:05:28] Indexing splices
[2017-07-11 12:05:39] Mapping left_kept_reads.m2g_um_seg1 to genome segment_juncs with Bowtie2 (1/3)
[2017-07-11 12:05:41] Mapping left_kept_reads.m2g_um_seg2 to genome segment_juncs with Bowtie2 (2/3)
[2017-07-11 12:05:44] Mapping left_kept_reads.m2g_um_seg3 to genome segment_juncs with Bowtie2 (3/3)
[2017-07-11 12:05:46] Joining segment hits
[2017-07-11 12:07:20] Reporting output tracks
-----------------------------------------------
[2017-07-11 12:08:57] A summary of the alignment counts can be found in /Users/Pranav/Documents/Research/AnalysisResults/Align/cell28/align_summary.txt
[2017-07-11 12:08:57] Run complete: 00:12:19 elapsed
