
[2017-07-11 10:31:19] Beginning TopHat run (v2.0.14)
-----------------------------------------------
[2017-07-11 10:31:19] Checking for Bowtie
		  Bowtie version:	 2.3.2.0
[2017-07-11 10:31:19] Checking for Bowtie index files (genome)..
[2017-07-11 10:31:19] Checking for reference FASTA file
[2017-07-11 10:31:19] Generating SAM header for /Users/Pranav/Documents/Research/AnalysisResults/Reference/Mus_musculus_UCSC_mm10/Mus_musculus/UCSC/mm10/Sequence/Bowtie2Index/genome
[2017-07-11 10:31:28] Reading known junctions from GTF file
[2017-07-11 10:31:34] Preparing reads
	 left reads: min. length=41, max. length=76, 4878 kept reads (37 discarded)
[2017-07-11 10:31:34] Building transcriptome data files /Users/Pranav/Documents/Research/AnalysisResults/Align/cell24/tmp/genes
[2017-07-11 10:31:54] Building Bowtie index from genes.fa
[2017-07-11 10:43:05] Mapping left_kept_reads to transcriptome genes with Bowtie2 
[2017-07-11 10:43:07] Resuming TopHat pipeline with unmapped reads
[2017-07-11 10:43:07] Mapping left_kept_reads.m2g_um to genome genome with Bowtie2 
[2017-07-11 10:43:16] Mapping left_kept_reads.m2g_um_seg1 to genome genome with Bowtie2 (1/3)
[2017-07-11 10:43:27] Mapping left_kept_reads.m2g_um_seg2 to genome genome with Bowtie2 (2/3)
[2017-07-11 10:43:38] Mapping left_kept_reads.m2g_um_seg3 to genome genome with Bowtie2 (3/3)
[2017-07-11 10:43:48] Retrieving sequences for splices
[2017-07-11 10:45:30] Indexing splices
[2017-07-11 10:45:42] Mapping left_kept_reads.m2g_um_seg1 to genome segment_juncs with Bowtie2 (1/3)
[2017-07-11 10:45:45] Mapping left_kept_reads.m2g_um_seg2 to genome segment_juncs with Bowtie2 (2/3)
[2017-07-11 10:45:47] Mapping left_kept_reads.m2g_um_seg3 to genome segment_juncs with Bowtie2 (3/3)
[2017-07-11 10:45:49] Joining segment hits
[2017-07-11 10:47:31] Reporting output tracks
-----------------------------------------------
[2017-07-11 10:49:13] A summary of the alignment counts can be found in /Users/Pranav/Documents/Research/AnalysisResults/Align/cell24/align_summary.txt
[2017-07-11 10:49:13] Run complete: 00:17:53 elapsed
