
[2017-07-11 17:48:06] Beginning TopHat run (v2.0.14)
-----------------------------------------------
[2017-07-11 17:48:06] Checking for Bowtie
		  Bowtie version:	 2.3.2.0
[2017-07-11 17:48:06] Checking for Bowtie index files (genome)..
[2017-07-11 17:48:06] Checking for reference FASTA file
[2017-07-11 17:48:06] Generating SAM header for /Users/Pranav/Documents/Research/AnalysisResults/Reference/Mus_musculus_UCSC_mm10/Mus_musculus/UCSC/mm10/Sequence/Bowtie2Index/genome
[2017-07-11 17:48:15] Reading known junctions from GTF file
[2017-07-11 17:48:20] Preparing reads
	 left reads: min. length=33, max. length=76, 6075 kept reads (51 discarded)
[2017-07-11 17:48:21] Building transcriptome data files /Users/Pranav/Documents/Research/AnalysisResults/Align/cell56/tmp/genes
[2017-07-11 17:48:40] Building Bowtie index from genes.fa
[2017-07-11 17:54:04] Mapping left_kept_reads to transcriptome genes with Bowtie2 
[2017-07-11 17:54:06] Resuming TopHat pipeline with unmapped reads
[2017-07-11 17:54:06] Mapping left_kept_reads.m2g_um to genome genome with Bowtie2 
[2017-07-11 17:54:14] Mapping left_kept_reads.m2g_um_seg1 to genome genome with Bowtie2 (1/3)
[2017-07-11 17:54:23] Mapping left_kept_reads.m2g_um_seg2 to genome genome with Bowtie2 (2/3)
[2017-07-11 17:54:31] Mapping left_kept_reads.m2g_um_seg3 to genome genome with Bowtie2 (3/3)
[2017-07-11 17:54:40] Retrieving sequences for splices
[2017-07-11 17:56:15] Indexing splices
[2017-07-11 17:56:26] Mapping left_kept_reads.m2g_um_seg1 to genome segment_juncs with Bowtie2 (1/3)
[2017-07-11 17:56:28] Mapping left_kept_reads.m2g_um_seg2 to genome segment_juncs with Bowtie2 (2/3)
[2017-07-11 17:56:31] Mapping left_kept_reads.m2g_um_seg3 to genome segment_juncs with Bowtie2 (3/3)
[2017-07-11 17:56:33] Joining segment hits
[2017-07-11 17:58:05] Reporting output tracks
-----------------------------------------------
[2017-07-11 17:59:37] A summary of the alignment counts can be found in /Users/Pranav/Documents/Research/AnalysisResults/Align/cell56/align_summary.txt
[2017-07-11 17:59:37] Run complete: 00:11:30 elapsed
