
[2017-07-10 17:10:26] Beginning TopHat run (v2.0.14)
-----------------------------------------------
[2017-07-10 17:10:26] Checking for Bowtie
		  Bowtie version:	 2.3.2.0
[2017-07-10 17:10:26] Checking for Bowtie index files (genome)..
[2017-07-10 17:10:26] Checking for reference FASTA file
[2017-07-10 17:10:26] Generating SAM header for /Users/Pranav/Documents/Research/AnalysisResults/Reference/Mus_musculus_UCSC_mm10/Mus_musculus/UCSC/mm10/Sequence/Bowtie2Index/genome
[2017-07-10 17:10:33] Reading known junctions from GTF file
[2017-07-10 17:10:39] Preparing reads
	 left reads: min. length=36, max. length=76, 7086 kept reads (55 discarded)
[2017-07-10 17:10:39] Building transcriptome data files /Users/Pranav/Documents/Research/AnalysisResults/Align/cell4/tmp/genes
[2017-07-10 17:10:57] Building Bowtie index from genes.fa
[2017-07-10 17:16:34] Mapping left_kept_reads to transcriptome genes with Bowtie2 
[2017-07-10 17:16:35] Resuming TopHat pipeline with unmapped reads
[2017-07-10 17:16:35] Mapping left_kept_reads.m2g_um to genome genome with Bowtie2 
[2017-07-10 17:16:43] Mapping left_kept_reads.m2g_um_seg1 to genome genome with Bowtie2 (1/3)
[2017-07-10 17:16:51] Mapping left_kept_reads.m2g_um_seg2 to genome genome with Bowtie2 (2/3)
[2017-07-10 17:16:59] Mapping left_kept_reads.m2g_um_seg3 to genome genome with Bowtie2 (3/3)
[2017-07-10 17:17:07] Retrieving sequences for splices
[2017-07-10 17:18:43] Indexing splices
[2017-07-10 17:18:53] Mapping left_kept_reads.m2g_um_seg1 to genome segment_juncs with Bowtie2 (1/3)
[2017-07-10 17:18:56] Mapping left_kept_reads.m2g_um_seg2 to genome segment_juncs with Bowtie2 (2/3)
[2017-07-10 17:18:58] Mapping left_kept_reads.m2g_um_seg3 to genome segment_juncs with Bowtie2 (3/3)
[2017-07-10 17:19:00] Joining segment hits
[2017-07-10 17:20:32] Reporting output tracks
-----------------------------------------------
[2017-07-10 17:22:05] A summary of the alignment counts can be found in /Users/Pranav/Documents/Research/AnalysisResults/Align/cell4/align_summary.txt
[2017-07-10 17:22:05] Run complete: 00:11:39 elapsed
