
[2017-07-11 20:28:29] Beginning TopHat run (v2.0.14)
-----------------------------------------------
[2017-07-11 20:28:29] Checking for Bowtie
		  Bowtie version:	 2.3.2.0
[2017-07-11 20:28:30] Checking for Bowtie index files (genome)..
[2017-07-11 20:28:30] Checking for reference FASTA file
[2017-07-11 20:28:30] Generating SAM header for /Users/Pranav/Documents/Research/AnalysisResults/Reference/Mus_musculus_UCSC_mm10/Mus_musculus/UCSC/mm10/Sequence/Bowtie2Index/genome
[2017-07-11 20:28:39] Reading known junctions from GTF file
[2017-07-11 20:28:45] Preparing reads
	 left reads: min. length=32, max. length=76, 6502 kept reads (60 discarded)
[2017-07-11 20:28:45] Building transcriptome data files /Users/Pranav/Documents/Research/AnalysisResults/Align/cell68/tmp/genes
[2017-07-11 20:29:03] Building Bowtie index from genes.fa
[2017-07-11 20:34:23] Mapping left_kept_reads to transcriptome genes with Bowtie2 
[2017-07-11 20:34:24] Resuming TopHat pipeline with unmapped reads
[2017-07-11 20:34:25] Mapping left_kept_reads.m2g_um to genome genome with Bowtie2 
[2017-07-11 20:34:33] Mapping left_kept_reads.m2g_um_seg1 to genome genome with Bowtie2 (1/3)
[2017-07-11 20:34:43] Mapping left_kept_reads.m2g_um_seg2 to genome genome with Bowtie2 (2/3)
[2017-07-11 20:34:52] Mapping left_kept_reads.m2g_um_seg3 to genome genome with Bowtie2 (3/3)
[2017-07-11 20:35:01] Retrieving sequences for splices
[2017-07-11 20:36:36] Indexing splices
[2017-07-11 20:36:47] Mapping left_kept_reads.m2g_um_seg1 to genome segment_juncs with Bowtie2 (1/3)
[2017-07-11 20:36:49] Mapping left_kept_reads.m2g_um_seg2 to genome segment_juncs with Bowtie2 (2/3)
[2017-07-11 20:36:51] Mapping left_kept_reads.m2g_um_seg3 to genome segment_juncs with Bowtie2 (3/3)
[2017-07-11 20:36:54] Joining segment hits
[2017-07-11 20:38:25] Reporting output tracks
-----------------------------------------------
[2017-07-11 20:39:57] A summary of the alignment counts can be found in /Users/Pranav/Documents/Research/AnalysisResults/Align/cell68/align_summary.txt
[2017-07-11 20:39:57] Run complete: 00:11:27 elapsed
