
[2017-07-10 19:48:03] Beginning TopHat run (v2.0.14)
-----------------------------------------------
[2017-07-10 19:48:03] Checking for Bowtie
		  Bowtie version:	 2.3.2.0
[2017-07-10 19:48:03] Checking for Bowtie index files (genome)..
[2017-07-10 19:48:03] Checking for reference FASTA file
[2017-07-10 19:48:03] Generating SAM header for /Users/Pranav/Documents/Research/AnalysisResults/Reference/Mus_musculus_UCSC_mm10/Mus_musculus/UCSC/mm10/Sequence/Bowtie2Index/genome
[2017-07-10 19:48:11] Reading known junctions from GTF file
[2017-07-10 19:48:17] Preparing reads
	 left reads: min. length=36, max. length=76, 775 kept reads (4 discarded)
[2017-07-10 19:48:17] Building transcriptome data files /Users/Pranav/Documents/Research/AnalysisResults/Align/cell14/tmp/genes
[2017-07-10 19:48:35] Building Bowtie index from genes.fa
[2017-07-10 19:53:57] Mapping left_kept_reads to transcriptome genes with Bowtie2 
[2017-07-10 19:53:58] Resuming TopHat pipeline with unmapped reads
[2017-07-10 19:53:58] Mapping left_kept_reads.m2g_um to genome genome with Bowtie2 
[2017-07-10 19:54:05] Mapping left_kept_reads.m2g_um_seg1 to genome genome with Bowtie2 (1/3)
[2017-07-10 19:54:13] Mapping left_kept_reads.m2g_um_seg2 to genome genome with Bowtie2 (2/3)
[2017-07-10 19:54:21] Mapping left_kept_reads.m2g_um_seg3 to genome genome with Bowtie2 (3/3)
[2017-07-10 19:54:28] Retrieving sequences for splices
[2017-07-10 19:56:04] Indexing splices
[2017-07-10 19:56:14] Mapping left_kept_reads.m2g_um_seg1 to genome segment_juncs with Bowtie2 (1/3)
[2017-07-10 19:56:16] Mapping left_kept_reads.m2g_um_seg2 to genome segment_juncs with Bowtie2 (2/3)
[2017-07-10 19:56:19] Mapping left_kept_reads.m2g_um_seg3 to genome segment_juncs with Bowtie2 (3/3)
[2017-07-10 19:56:21] Joining segment hits
[2017-07-10 19:57:53] Reporting output tracks
-----------------------------------------------
[2017-07-10 19:59:25] A summary of the alignment counts can be found in /Users/Pranav/Documents/Research/AnalysisResults/Align/cell14/align_summary.txt
[2017-07-10 19:59:25] Run complete: 00:11:22 elapsed
