
[2017-07-11 17:13:44] Beginning TopHat run (v2.0.14)
-----------------------------------------------
[2017-07-11 17:13:44] Checking for Bowtie
		  Bowtie version:	 2.3.2.0
[2017-07-11 17:13:44] Checking for Bowtie index files (genome)..
[2017-07-11 17:13:44] Checking for reference FASTA file
[2017-07-11 17:13:44] Generating SAM header for /Users/Pranav/Documents/Research/AnalysisResults/Reference/Mus_musculus_UCSC_mm10/Mus_musculus/UCSC/mm10/Sequence/Bowtie2Index/genome
[2017-07-11 17:13:53] Reading known junctions from GTF file
[2017-07-11 17:13:59] Preparing reads
	 left reads: min. length=36, max. length=76, 12251 kept reads (103 discarded)
[2017-07-11 17:13:59] Building transcriptome data files /Users/Pranav/Documents/Research/AnalysisResults/Align/cell53/tmp/genes
[2017-07-11 17:14:20] Building Bowtie index from genes.fa
[2017-07-11 17:19:43] Mapping left_kept_reads to transcriptome genes with Bowtie2 
[2017-07-11 17:19:45] Resuming TopHat pipeline with unmapped reads
[2017-07-11 17:19:45] Mapping left_kept_reads.m2g_um to genome genome with Bowtie2 
[2017-07-11 17:19:54] Mapping left_kept_reads.m2g_um_seg1 to genome genome with Bowtie2 (1/3)
[2017-07-11 17:20:04] Mapping left_kept_reads.m2g_um_seg2 to genome genome with Bowtie2 (2/3)
[2017-07-11 17:20:12] Mapping left_kept_reads.m2g_um_seg3 to genome genome with Bowtie2 (3/3)
[2017-07-11 17:20:21] Retrieving sequences for splices
[2017-07-11 17:21:56] Indexing splices
[2017-07-11 17:22:07] Mapping left_kept_reads.m2g_um_seg1 to genome segment_juncs with Bowtie2 (1/3)
[2017-07-11 17:22:09] Mapping left_kept_reads.m2g_um_seg2 to genome segment_juncs with Bowtie2 (2/3)
[2017-07-11 17:22:11] Mapping left_kept_reads.m2g_um_seg3 to genome segment_juncs with Bowtie2 (3/3)
[2017-07-11 17:22:14] Joining segment hits
[2017-07-11 17:23:46] Reporting output tracks
-----------------------------------------------
[2017-07-11 17:25:17] A summary of the alignment counts can be found in /Users/Pranav/Documents/Research/AnalysisResults/Align/cell53/align_summary.txt
[2017-07-11 17:25:17] Run complete: 00:11:33 elapsed
