
[2017-07-11 18:57:12] Beginning TopHat run (v2.0.14)
-----------------------------------------------
[2017-07-11 18:57:12] Checking for Bowtie
		  Bowtie version:	 2.3.2.0
[2017-07-11 18:57:12] Checking for Bowtie index files (genome)..
[2017-07-11 18:57:12] Checking for reference FASTA file
[2017-07-11 18:57:12] Generating SAM header for /Users/Pranav/Documents/Research/AnalysisResults/Reference/Mus_musculus_UCSC_mm10/Mus_musculus/UCSC/mm10/Sequence/Bowtie2Index/genome
[2017-07-11 18:57:22] Reading known junctions from GTF file
[2017-07-11 18:57:28] Preparing reads
	 left reads: min. length=32, max. length=76, 11084 kept reads (49 discarded)
[2017-07-11 18:57:28] Building transcriptome data files /Users/Pranav/Documents/Research/AnalysisResults/Align/cell62/tmp/genes
[2017-07-11 18:57:47] Building Bowtie index from genes.fa
[2017-07-11 19:03:06] Mapping left_kept_reads to transcriptome genes with Bowtie2 
[2017-07-11 19:03:08] Resuming TopHat pipeline with unmapped reads
[2017-07-11 19:03:08] Mapping left_kept_reads.m2g_um to genome genome with Bowtie2 
[2017-07-11 19:03:16] Mapping left_kept_reads.m2g_um_seg1 to genome genome with Bowtie2 (1/3)
[2017-07-11 19:03:25] Mapping left_kept_reads.m2g_um_seg2 to genome genome with Bowtie2 (2/3)
[2017-07-11 19:03:32] Mapping left_kept_reads.m2g_um_seg3 to genome genome with Bowtie2 (3/3)
[2017-07-11 19:03:38] Retrieving sequences for splices
[2017-07-11 19:05:14] Indexing splices
[2017-07-11 19:05:25] Mapping left_kept_reads.m2g_um_seg1 to genome segment_juncs with Bowtie2 (1/3)
[2017-07-11 19:05:27] Mapping left_kept_reads.m2g_um_seg2 to genome segment_juncs with Bowtie2 (2/3)
[2017-07-11 19:05:29] Mapping left_kept_reads.m2g_um_seg3 to genome segment_juncs with Bowtie2 (3/3)
[2017-07-11 19:05:32] Joining segment hits
[2017-07-11 19:07:03] Reporting output tracks
-----------------------------------------------
[2017-07-11 19:08:35] A summary of the alignment counts can be found in /Users/Pranav/Documents/Research/AnalysisResults/Align/cell62/align_summary.txt
[2017-07-11 19:08:35] Run complete: 00:11:22 elapsed
