
[2017-07-10 19:59:25] Beginning TopHat run (v2.0.14)
-----------------------------------------------
[2017-07-10 19:59:25] Checking for Bowtie
		  Bowtie version:	 2.3.2.0
[2017-07-10 19:59:25] Checking for Bowtie index files (genome)..
[2017-07-10 19:59:25] Checking for reference FASTA file
[2017-07-10 19:59:25] Generating SAM header for /Users/Pranav/Documents/Research/AnalysisResults/Reference/Mus_musculus_UCSC_mm10/Mus_musculus/UCSC/mm10/Sequence/Bowtie2Index/genome
[2017-07-10 19:59:33] Reading known junctions from GTF file
[2017-07-10 19:59:38] Preparing reads
	 left reads: min. length=70, max. length=76, 1540 kept reads (8 discarded)
[2017-07-10 19:59:38] Building transcriptome data files /Users/Pranav/Documents/Research/AnalysisResults/Align/cell15/tmp/genes
[2017-07-10 19:59:56] Building Bowtie index from genes.fa
[2017-07-10 22:44:31] Mapping left_kept_reads to transcriptome genes with Bowtie2 
[2017-07-10 22:44:33] Resuming TopHat pipeline with unmapped reads
[2017-07-10 22:44:33] Mapping left_kept_reads.m2g_um to genome genome with Bowtie2 
[2017-07-10 22:44:42] Mapping left_kept_reads.m2g_um_seg1 to genome genome with Bowtie2 (1/3)
[2017-07-10 22:44:52] Mapping left_kept_reads.m2g_um_seg2 to genome genome with Bowtie2 (2/3)
[2017-07-10 22:45:03] Mapping left_kept_reads.m2g_um_seg3 to genome genome with Bowtie2 (3/3)
[2017-07-10 22:45:11] Retrieving sequences for splices
[2017-07-10 22:46:54] Indexing splices
[2017-07-10 22:47:05] Mapping left_kept_reads.m2g_um_seg1 to genome segment_juncs with Bowtie2 (1/3)
[2017-07-10 22:47:07] Mapping left_kept_reads.m2g_um_seg2 to genome segment_juncs with Bowtie2 (2/3)
[2017-07-10 22:47:10] Mapping left_kept_reads.m2g_um_seg3 to genome segment_juncs with Bowtie2 (3/3)
[2017-07-10 22:47:12] Joining segment hits
[2017-07-10 22:48:49] Reporting output tracks
-----------------------------------------------
[2017-07-10 22:57:56] A summary of the alignment counts can be found in /Users/Pranav/Documents/Research/AnalysisResults/Align/cell15/align_summary.txt
[2017-07-10 22:57:56] Run complete: 02:58:31 elapsed
