
[2017-07-11 12:08:57] Beginning TopHat run (v2.0.14)
-----------------------------------------------
[2017-07-11 12:08:57] Checking for Bowtie
		  Bowtie version:	 2.3.2.0
[2017-07-11 12:08:57] Checking for Bowtie index files (genome)..
[2017-07-11 12:08:57] Checking for reference FASTA file
[2017-07-11 12:08:57] Generating SAM header for /Users/Pranav/Documents/Research/AnalysisResults/Reference/Mus_musculus_UCSC_mm10/Mus_musculus/UCSC/mm10/Sequence/Bowtie2Index/genome
[2017-07-11 12:09:04] Reading known junctions from GTF file
[2017-07-11 12:09:10] Preparing reads
	 left reads: min. length=32, max. length=76, 12361 kept reads (88 discarded)
[2017-07-11 12:09:10] Building transcriptome data files /Users/Pranav/Documents/Research/AnalysisResults/Align/cell29/tmp/genes
[2017-07-11 12:09:29] Building Bowtie index from genes.fa
[2017-07-11 12:15:12] Mapping left_kept_reads to transcriptome genes with Bowtie2 
[2017-07-11 12:15:14] Resuming TopHat pipeline with unmapped reads
[2017-07-11 12:15:14] Mapping left_kept_reads.m2g_um to genome genome with Bowtie2 
[2017-07-11 12:15:23] Mapping left_kept_reads.m2g_um_seg1 to genome genome with Bowtie2 (1/3)
[2017-07-11 12:15:32] Mapping left_kept_reads.m2g_um_seg2 to genome genome with Bowtie2 (2/3)
[2017-07-11 12:15:41] Mapping left_kept_reads.m2g_um_seg3 to genome genome with Bowtie2 (3/3)
[2017-07-11 12:15:50] Retrieving sequences for splices
[2017-07-11 12:17:31] Indexing splices
[2017-07-11 12:17:43] Mapping left_kept_reads.m2g_um_seg1 to genome segment_juncs with Bowtie2 (1/3)
[2017-07-11 12:17:45] Mapping left_kept_reads.m2g_um_seg2 to genome segment_juncs with Bowtie2 (2/3)
[2017-07-11 12:17:47] Mapping left_kept_reads.m2g_um_seg3 to genome segment_juncs with Bowtie2 (3/3)
[2017-07-11 12:17:50] Joining segment hits
[2017-07-11 12:19:30] Reporting output tracks
-----------------------------------------------
[2017-07-11 12:21:11] A summary of the alignment counts can be found in /Users/Pranav/Documents/Research/AnalysisResults/Align/cell29/align_summary.txt
[2017-07-11 12:21:11] Run complete: 00:12:13 elapsed
