
[2017-07-12 09:53:51] Beginning TopHat run (v2.0.14)
-----------------------------------------------
[2017-07-12 09:53:51] Checking for Bowtie
		  Bowtie version:	 2.3.2.0
[2017-07-12 09:53:51] Checking for Bowtie index files (genome)..
[2017-07-12 09:53:51] Checking for reference FASTA file
[2017-07-12 09:53:51] Generating SAM header for /Users/Pranav/Documents/Research/AnalysisResults/Reference/Mus_musculus_UCSC_mm10/Mus_musculus/UCSC/mm10/Sequence/Bowtie2Index/genome
[2017-07-12 09:54:01] Reading known junctions from GTF file
[2017-07-12 09:54:06] Preparing reads
	 left reads: min. length=32, max. length=76, 5592 kept reads (39 discarded)
[2017-07-12 09:54:07] Building transcriptome data files /Users/Pranav/Documents/Research/AnalysisResults/Align/cell87/tmp/genes
[2017-07-12 09:54:26] Building Bowtie index from genes.fa
[2017-07-12 09:59:45] Mapping left_kept_reads to transcriptome genes with Bowtie2 
[2017-07-12 09:59:47] Resuming TopHat pipeline with unmapped reads
[2017-07-12 09:59:47] Mapping left_kept_reads.m2g_um to genome genome with Bowtie2 
[2017-07-12 09:59:56] Mapping left_kept_reads.m2g_um_seg1 to genome genome with Bowtie2 (1/3)
[2017-07-12 10:00:06] Mapping left_kept_reads.m2g_um_seg2 to genome genome with Bowtie2 (2/3)
[2017-07-12 10:00:15] Mapping left_kept_reads.m2g_um_seg3 to genome genome with Bowtie2 (3/3)
[2017-07-12 10:00:23] Retrieving sequences for splices
[2017-07-12 10:01:58] Indexing splices
[2017-07-12 10:02:09] Mapping left_kept_reads.m2g_um_seg1 to genome segment_juncs with Bowtie2 (1/3)
[2017-07-12 10:02:11] Mapping left_kept_reads.m2g_um_seg2 to genome segment_juncs with Bowtie2 (2/3)
[2017-07-12 10:02:14] Mapping left_kept_reads.m2g_um_seg3 to genome segment_juncs with Bowtie2 (3/3)
[2017-07-12 10:02:16] Joining segment hits
[2017-07-12 10:03:47] Reporting output tracks
-----------------------------------------------
[2017-07-12 10:05:19] A summary of the alignment counts can be found in /Users/Pranav/Documents/Research/AnalysisResults/Align/cell87/align_summary.txt
[2017-07-12 10:05:19] Run complete: 00:11:27 elapsed
