
[2017-07-10 16:59:04] Beginning TopHat run (v2.0.14)
-----------------------------------------------
[2017-07-10 16:59:04] Checking for Bowtie
		  Bowtie version:	 2.3.2.0
[2017-07-10 16:59:04] Checking for Bowtie index files (genome)..
[2017-07-10 16:59:04] Checking for reference FASTA file
[2017-07-10 16:59:04] Generating SAM header for /Users/Pranav/Documents/Research/AnalysisResults/Reference/Mus_musculus_UCSC_mm10/Mus_musculus/UCSC/mm10/Sequence/Bowtie2Index/genome
[2017-07-10 16:59:11] Reading known junctions from GTF file
[2017-07-10 16:59:16] Preparing reads
	 left reads: min. length=72, max. length=76, 1788 kept reads (17 discarded)
[2017-07-10 16:59:16] Building transcriptome data files /Users/Pranav/Documents/Research/AnalysisResults/Align/cell3/tmp/genes
[2017-07-10 16:59:35] Building Bowtie index from genes.fa
[2017-07-10 17:04:56] Mapping left_kept_reads to transcriptome genes with Bowtie2 
[2017-07-10 17:04:58] Resuming TopHat pipeline with unmapped reads
[2017-07-10 17:04:58] Mapping left_kept_reads.m2g_um to genome genome with Bowtie2 
[2017-07-10 17:05:05] Mapping left_kept_reads.m2g_um_seg1 to genome genome with Bowtie2 (1/3)
[2017-07-10 17:05:13] Mapping left_kept_reads.m2g_um_seg2 to genome genome with Bowtie2 (2/3)
[2017-07-10 17:05:20] Mapping left_kept_reads.m2g_um_seg3 to genome genome with Bowtie2 (3/3)
[2017-07-10 17:05:28] Retrieving sequences for splices
[2017-07-10 17:07:03] Indexing splices
[2017-07-10 17:07:14] Mapping left_kept_reads.m2g_um_seg1 to genome segment_juncs with Bowtie2 (1/3)
[2017-07-10 17:07:16] Mapping left_kept_reads.m2g_um_seg2 to genome segment_juncs with Bowtie2 (2/3)
[2017-07-10 17:07:18] Mapping left_kept_reads.m2g_um_seg3 to genome segment_juncs with Bowtie2 (3/3)
[2017-07-10 17:07:21] Joining segment hits
[2017-07-10 17:08:52] Reporting output tracks
-----------------------------------------------
[2017-07-10 17:10:26] A summary of the alignment counts can be found in /Users/Pranav/Documents/Research/AnalysisResults/Align/cell3/align_summary.txt
[2017-07-10 17:10:26] Run complete: 00:11:21 elapsed
