
[2017-07-11 15:18:51] Beginning TopHat run (v2.0.14)
-----------------------------------------------
[2017-07-11 15:18:51] Checking for Bowtie
		  Bowtie version:	 2.3.2.0
[2017-07-11 15:18:51] Checking for Bowtie index files (genome)..
[2017-07-11 15:18:51] Checking for reference FASTA file
[2017-07-11 15:18:51] Generating SAM header for /Users/Pranav/Documents/Research/AnalysisResults/Reference/Mus_musculus_UCSC_mm10/Mus_musculus/UCSC/mm10/Sequence/Bowtie2Index/genome
[2017-07-11 15:19:00] Reading known junctions from GTF file
[2017-07-11 15:19:05] Preparing reads
	 left reads: min. length=32, max. length=76, 18250 kept reads (113 discarded)
[2017-07-11 15:19:06] Building transcriptome data files /Users/Pranav/Documents/Research/AnalysisResults/Align/cell45/tmp/genes
[2017-07-11 15:19:24] Building Bowtie index from genes.fa
[2017-07-11 15:24:48] Mapping left_kept_reads to transcriptome genes with Bowtie2 
[2017-07-11 15:24:50] Resuming TopHat pipeline with unmapped reads
[2017-07-11 15:24:50] Mapping left_kept_reads.m2g_um to genome genome with Bowtie2 
[2017-07-11 15:24:58] Mapping left_kept_reads.m2g_um_seg1 to genome genome with Bowtie2 (1/3)
[2017-07-11 15:25:06] Mapping left_kept_reads.m2g_um_seg2 to genome genome with Bowtie2 (2/3)
[2017-07-11 15:25:15] Mapping left_kept_reads.m2g_um_seg3 to genome genome with Bowtie2 (3/3)
[2017-07-11 15:25:22] Retrieving sequences for splices
[2017-07-11 15:26:57] Indexing splices
[2017-07-11 15:27:08] Mapping left_kept_reads.m2g_um_seg1 to genome segment_juncs with Bowtie2 (1/3)
[2017-07-11 15:27:10] Mapping left_kept_reads.m2g_um_seg2 to genome segment_juncs with Bowtie2 (2/3)
[2017-07-11 15:27:13] Mapping left_kept_reads.m2g_um_seg3 to genome segment_juncs with Bowtie2 (3/3)
[2017-07-11 15:27:15] Joining segment hits
[2017-07-11 15:28:47] Reporting output tracks
-----------------------------------------------
[2017-07-11 15:30:19] A summary of the alignment counts can be found in /Users/Pranav/Documents/Research/AnalysisResults/Align/cell45/align_summary.txt
[2017-07-11 15:30:19] Run complete: 00:11:28 elapsed
