
[2017-07-10 19:13:49] Beginning TopHat run (v2.0.14)
-----------------------------------------------
[2017-07-10 19:13:49] Checking for Bowtie
		  Bowtie version:	 2.3.2.0
[2017-07-10 19:13:49] Checking for Bowtie index files (genome)..
[2017-07-10 19:13:49] Checking for reference FASTA file
[2017-07-10 19:13:49] Generating SAM header for /Users/Pranav/Documents/Research/AnalysisResults/Reference/Mus_musculus_UCSC_mm10/Mus_musculus/UCSC/mm10/Sequence/Bowtie2Index/genome
[2017-07-10 19:13:57] Reading known junctions from GTF file
[2017-07-10 19:14:02] Preparing reads
	 left reads: min. length=70, max. length=76, 1590 kept reads (8 discarded)
[2017-07-10 19:14:03] Building transcriptome data files /Users/Pranav/Documents/Research/AnalysisResults/Align/cell11/tmp/genes
[2017-07-10 19:14:21] Building Bowtie index from genes.fa
[2017-07-10 19:19:50] Mapping left_kept_reads to transcriptome genes with Bowtie2 
[2017-07-10 19:19:52] Resuming TopHat pipeline with unmapped reads
[2017-07-10 19:19:52] Mapping left_kept_reads.m2g_um to genome genome with Bowtie2 
[2017-07-10 19:19:59] Mapping left_kept_reads.m2g_um_seg1 to genome genome with Bowtie2 (1/3)
[2017-07-10 19:20:07] Mapping left_kept_reads.m2g_um_seg2 to genome genome with Bowtie2 (2/3)
[2017-07-10 19:20:15] Mapping left_kept_reads.m2g_um_seg3 to genome genome with Bowtie2 (3/3)
[2017-07-10 19:20:23] Retrieving sequences for splices
[2017-07-10 19:21:59] Indexing splices
[2017-07-10 19:22:09] Mapping left_kept_reads.m2g_um_seg1 to genome segment_juncs with Bowtie2 (1/3)
[2017-07-10 19:22:12] Mapping left_kept_reads.m2g_um_seg2 to genome segment_juncs with Bowtie2 (2/3)
[2017-07-10 19:22:14] Mapping left_kept_reads.m2g_um_seg3 to genome segment_juncs with Bowtie2 (3/3)
[2017-07-10 19:22:16] Joining segment hits
[2017-07-10 19:23:48] Reporting output tracks
-----------------------------------------------
[2017-07-10 19:25:21] A summary of the alignment counts can be found in /Users/Pranav/Documents/Research/AnalysisResults/Align/cell11/align_summary.txt
[2017-07-10 19:25:21] Run complete: 00:11:32 elapsed
