
[2017-07-11 14:32:56] Beginning TopHat run (v2.0.14)
-----------------------------------------------
[2017-07-11 14:32:56] Checking for Bowtie
		  Bowtie version:	 2.3.2.0
[2017-07-11 14:32:56] Checking for Bowtie index files (genome)..
[2017-07-11 14:32:56] Checking for reference FASTA file
[2017-07-11 14:32:56] Generating SAM header for /Users/Pranav/Documents/Research/AnalysisResults/Reference/Mus_musculus_UCSC_mm10/Mus_musculus/UCSC/mm10/Sequence/Bowtie2Index/genome
[2017-07-11 14:33:05] Reading known junctions from GTF file
[2017-07-11 14:33:11] Preparing reads
	 left reads: min. length=32, max. length=76, 9793 kept reads (66 discarded)
[2017-07-11 14:33:11] Building transcriptome data files /Users/Pranav/Documents/Research/AnalysisResults/Align/cell41/tmp/genes
[2017-07-11 14:33:29] Building Bowtie index from genes.fa
[2017-07-11 14:38:53] Mapping left_kept_reads to transcriptome genes with Bowtie2 
[2017-07-11 14:38:55] Resuming TopHat pipeline with unmapped reads
[2017-07-11 14:38:55] Mapping left_kept_reads.m2g_um to genome genome with Bowtie2 
[2017-07-11 14:39:03] Mapping left_kept_reads.m2g_um_seg1 to genome genome with Bowtie2 (1/3)
[2017-07-11 14:39:14] Mapping left_kept_reads.m2g_um_seg2 to genome genome with Bowtie2 (2/3)
[2017-07-11 14:39:22] Mapping left_kept_reads.m2g_um_seg3 to genome genome with Bowtie2 (3/3)
[2017-07-11 14:39:30] Retrieving sequences for splices
[2017-07-11 14:41:06] Indexing splices
[2017-07-11 14:41:16] Mapping left_kept_reads.m2g_um_seg1 to genome segment_juncs with Bowtie2 (1/3)
[2017-07-11 14:41:19] Mapping left_kept_reads.m2g_um_seg2 to genome segment_juncs with Bowtie2 (2/3)
[2017-07-11 14:41:21] Mapping left_kept_reads.m2g_um_seg3 to genome segment_juncs with Bowtie2 (3/3)
[2017-07-11 14:41:23] Joining segment hits
[2017-07-11 14:42:55] Reporting output tracks
-----------------------------------------------
[2017-07-11 14:44:27] A summary of the alignment counts can be found in /Users/Pranav/Documents/Research/AnalysisResults/Align/cell41/align_summary.txt
[2017-07-11 14:44:27] Run complete: 00:11:30 elapsed
