
[2017-07-11 09:39:36] Beginning TopHat run (v2.0.14)
-----------------------------------------------
[2017-07-11 09:39:36] Checking for Bowtie
		  Bowtie version:	 2.3.2.0
[2017-07-11 09:39:36] Checking for Bowtie index files (genome)..
[2017-07-11 09:39:36] Checking for reference FASTA file
[2017-07-11 09:39:36] Generating SAM header for /Users/Pranav/Documents/Research/AnalysisResults/Reference/Mus_musculus_UCSC_mm10/Mus_musculus/UCSC/mm10/Sequence/Bowtie2Index/genome
[2017-07-11 09:39:45] Reading known junctions from GTF file
[2017-07-11 09:39:50] Preparing reads
	 left reads: min. length=71, max. length=76, 2318 kept reads (29 discarded)
[2017-07-11 09:39:51] Building transcriptome data files /Users/Pranav/Documents/Research/AnalysisResults/Align/cell20/tmp/genes
[2017-07-11 09:40:09] Building Bowtie index from genes.fa
[2017-07-11 09:45:50] Mapping left_kept_reads to transcriptome genes with Bowtie2 
[2017-07-11 09:45:52] Resuming TopHat pipeline with unmapped reads
[2017-07-11 09:45:52] Mapping left_kept_reads.m2g_um to genome genome with Bowtie2 
[2017-07-11 09:46:02] Mapping left_kept_reads.m2g_um_seg1 to genome genome with Bowtie2 (1/3)
[2017-07-11 09:46:11] Mapping left_kept_reads.m2g_um_seg2 to genome genome with Bowtie2 (2/3)
[2017-07-11 09:46:21] Mapping left_kept_reads.m2g_um_seg3 to genome genome with Bowtie2 (3/3)
[2017-07-11 09:46:30] Retrieving sequences for splices
[2017-07-11 09:48:12] Indexing splices
[2017-07-11 09:48:23] Mapping left_kept_reads.m2g_um_seg1 to genome segment_juncs with Bowtie2 (1/3)
[2017-07-11 09:48:26] Mapping left_kept_reads.m2g_um_seg2 to genome segment_juncs with Bowtie2 (2/3)
[2017-07-11 09:48:28] Mapping left_kept_reads.m2g_um_seg3 to genome segment_juncs with Bowtie2 (3/3)
[2017-07-11 09:48:30] Joining segment hits
[2017-07-11 09:50:09] Reporting output tracks
-----------------------------------------------
[2017-07-11 09:51:45] A summary of the alignment counts can be found in /Users/Pranav/Documents/Research/AnalysisResults/Align/cell20/align_summary.txt
[2017-07-11 09:51:45] Run complete: 00:12:08 elapsed
