
[2017-07-11 11:01:56] Beginning TopHat run (v2.0.14)
-----------------------------------------------
[2017-07-11 11:01:56] Checking for Bowtie
		  Bowtie version:	 2.3.2.0
[2017-07-11 11:01:56] Checking for Bowtie index files (genome)..
[2017-07-11 11:01:56] Checking for reference FASTA file
[2017-07-11 11:01:56] Generating SAM header for /Users/Pranav/Documents/Research/AnalysisResults/Reference/Mus_musculus_UCSC_mm10/Mus_musculus/UCSC/mm10/Sequence/Bowtie2Index/genome
[2017-07-11 11:02:05] Reading known junctions from GTF file
[2017-07-11 11:02:11] Preparing reads
	 left reads: min. length=40, max. length=76, 4592 kept reads (33 discarded)
[2017-07-11 11:02:11] Building transcriptome data files /Users/Pranav/Documents/Research/AnalysisResults/Align/cell26/tmp/genes
[2017-07-11 11:02:30] Building Bowtie index from genes.fa
[2017-07-11 11:08:10] Mapping left_kept_reads to transcriptome genes with Bowtie2 
[2017-07-11 11:08:12] Resuming TopHat pipeline with unmapped reads
[2017-07-11 11:08:12] Mapping left_kept_reads.m2g_um to genome genome with Bowtie2 
[2017-07-11 11:08:22] Mapping left_kept_reads.m2g_um_seg1 to genome genome with Bowtie2 (1/3)
[2017-07-11 11:08:32] Mapping left_kept_reads.m2g_um_seg2 to genome genome with Bowtie2 (2/3)
[2017-07-11 11:08:41] Mapping left_kept_reads.m2g_um_seg3 to genome genome with Bowtie2 (3/3)
[2017-07-11 11:08:51] Retrieving sequences for splices
[2017-07-11 11:10:28] Indexing splices
[2017-07-11 11:10:40] Mapping left_kept_reads.m2g_um_seg1 to genome segment_juncs with Bowtie2 (1/3)
[2017-07-11 11:10:43] Mapping left_kept_reads.m2g_um_seg2 to genome segment_juncs with Bowtie2 (2/3)
[2017-07-11 11:10:45] Mapping left_kept_reads.m2g_um_seg3 to genome segment_juncs with Bowtie2 (3/3)
[2017-07-11 11:10:47] Joining segment hits
[2017-07-11 11:18:55] Reporting output tracks
-----------------------------------------------
[2017-07-11 11:20:30] A summary of the alignment counts can be found in /Users/Pranav/Documents/Research/AnalysisResults/Align/cell26/align_summary.txt
[2017-07-11 11:20:30] Run complete: 00:18:34 elapsed
