
[2017-07-12 11:09:52] Beginning TopHat run (v2.0.14)
-----------------------------------------------
[2017-07-12 11:09:52] Checking for Bowtie
		  Bowtie version:	 2.3.2.0
[2017-07-12 11:09:52] Checking for Bowtie index files (genome)..
[2017-07-12 11:09:52] Checking for reference FASTA file
[2017-07-12 11:09:52] Generating SAM header for /Users/Pranav/Documents/Research/AnalysisResults/Reference/Mus_musculus_UCSC_mm10/Mus_musculus/UCSC/mm10/Sequence/Bowtie2Index/genome
[2017-07-12 11:10:03] Reading known junctions from GTF file
[2017-07-12 11:10:09] Preparing reads
	 left reads: min. length=32, max. length=76, 8060 kept reads (61 discarded)
[2017-07-12 11:10:09] Building transcriptome data files /Users/Pranav/Documents/Research/AnalysisResults/Align/cell93/tmp/genes
[2017-07-12 11:10:29] Building Bowtie index from genes.fa
[2017-07-12 11:16:01] Mapping left_kept_reads to transcriptome genes with Bowtie2 
[2017-07-12 11:16:03] Resuming TopHat pipeline with unmapped reads
[2017-07-12 11:16:03] Mapping left_kept_reads.m2g_um to genome genome with Bowtie2 
[2017-07-12 11:16:12] Mapping left_kept_reads.m2g_um_seg1 to genome genome with Bowtie2 (1/3)
[2017-07-12 11:16:24] Mapping left_kept_reads.m2g_um_seg2 to genome genome with Bowtie2 (2/3)
[2017-07-12 11:16:35] Mapping left_kept_reads.m2g_um_seg3 to genome genome with Bowtie2 (3/3)
[2017-07-12 11:16:44] Retrieving sequences for splices
[2017-07-12 11:18:20] Indexing splices
[2017-07-12 11:18:31] Mapping left_kept_reads.m2g_um_seg1 to genome segment_juncs with Bowtie2 (1/3)
[2017-07-12 11:18:34] Mapping left_kept_reads.m2g_um_seg2 to genome segment_juncs with Bowtie2 (2/3)
[2017-07-12 11:18:36] Mapping left_kept_reads.m2g_um_seg3 to genome segment_juncs with Bowtie2 (3/3)
[2017-07-12 11:18:38] Joining segment hits
[2017-07-12 11:20:12] Reporting output tracks
-----------------------------------------------
[2017-07-12 11:21:47] A summary of the alignment counts can be found in /Users/Pranav/Documents/Research/AnalysisResults/Align/cell93/align_summary.txt
[2017-07-12 11:21:47] Run complete: 00:11:54 elapsed
