
[2017-07-10 18:50:48] Beginning TopHat run (v2.0.14)
-----------------------------------------------
[2017-07-10 18:50:48] Checking for Bowtie
		  Bowtie version:	 2.3.2.0
[2017-07-10 18:50:48] Checking for Bowtie index files (genome)..
[2017-07-10 18:50:48] Checking for reference FASTA file
[2017-07-10 18:50:48] Generating SAM header for /Users/Pranav/Documents/Research/AnalysisResults/Reference/Mus_musculus_UCSC_mm10/Mus_musculus/UCSC/mm10/Sequence/Bowtie2Index/genome
[2017-07-10 18:50:57] Reading known junctions from GTF file
[2017-07-10 18:51:03] Preparing reads
	 left reads: min. length=43, max. length=76, 2239 kept reads (14 discarded)
[2017-07-10 18:51:03] Building transcriptome data files /Users/Pranav/Documents/Research/AnalysisResults/Align/cell9/tmp/genes
[2017-07-10 18:51:21] Building Bowtie index from genes.fa
[2017-07-10 18:56:41] Mapping left_kept_reads to transcriptome genes with Bowtie2 
[2017-07-10 18:56:43] Resuming TopHat pipeline with unmapped reads
[2017-07-10 18:56:43] Mapping left_kept_reads.m2g_um to genome genome with Bowtie2 
[2017-07-10 18:56:53] Mapping left_kept_reads.m2g_um_seg1 to genome genome with Bowtie2 (1/3)
[2017-07-10 18:57:03] Mapping left_kept_reads.m2g_um_seg2 to genome genome with Bowtie2 (2/3)
[2017-07-10 18:57:11] Mapping left_kept_reads.m2g_um_seg3 to genome genome with Bowtie2 (3/3)
[2017-07-10 18:57:20] Retrieving sequences for splices
[2017-07-10 18:58:55] Indexing splices
[2017-07-10 18:59:06] Mapping left_kept_reads.m2g_um_seg1 to genome segment_juncs with Bowtie2 (1/3)
[2017-07-10 18:59:08] Mapping left_kept_reads.m2g_um_seg2 to genome segment_juncs with Bowtie2 (2/3)
[2017-07-10 18:59:10] Mapping left_kept_reads.m2g_um_seg3 to genome segment_juncs with Bowtie2 (3/3)
[2017-07-10 18:59:13] Joining segment hits
[2017-07-10 19:00:44] Reporting output tracks
-----------------------------------------------
[2017-07-10 19:02:16] A summary of the alignment counts can be found in /Users/Pranav/Documents/Research/AnalysisResults/Align/cell9/align_summary.txt
[2017-07-10 19:02:16] Run complete: 00:11:28 elapsed
