
[2017-07-11 15:53:14] Beginning TopHat run (v2.0.14)
-----------------------------------------------
[2017-07-11 15:53:14] Checking for Bowtie
		  Bowtie version:	 2.3.2.0
[2017-07-11 15:53:14] Checking for Bowtie index files (genome)..
[2017-07-11 15:53:14] Checking for reference FASTA file
[2017-07-11 15:53:14] Generating SAM header for /Users/Pranav/Documents/Research/AnalysisResults/Reference/Mus_musculus_UCSC_mm10/Mus_musculus/UCSC/mm10/Sequence/Bowtie2Index/genome
[2017-07-11 15:53:23] Reading known junctions from GTF file
[2017-07-11 15:53:28] Preparing reads
	 left reads: min. length=32, max. length=76, 7055 kept reads (54 discarded)
[2017-07-11 15:53:28] Building transcriptome data files /Users/Pranav/Documents/Research/AnalysisResults/Align/cell48/tmp/genes
[2017-07-11 15:53:47] Building Bowtie index from genes.fa
[2017-07-11 15:59:06] Mapping left_kept_reads to transcriptome genes with Bowtie2 
[2017-07-11 15:59:08] Resuming TopHat pipeline with unmapped reads
[2017-07-11 15:59:08] Mapping left_kept_reads.m2g_um to genome genome with Bowtie2 
[2017-07-11 15:59:15] Mapping left_kept_reads.m2g_um_seg1 to genome genome with Bowtie2 (1/3)
[2017-07-11 15:59:24] Mapping left_kept_reads.m2g_um_seg2 to genome genome with Bowtie2 (2/3)
[2017-07-11 15:59:31] Mapping left_kept_reads.m2g_um_seg3 to genome genome with Bowtie2 (3/3)
[2017-07-11 15:59:38] Retrieving sequences for splices
[2017-07-11 16:01:14] Indexing splices
[2017-07-11 16:01:24] Mapping left_kept_reads.m2g_um_seg1 to genome segment_juncs with Bowtie2 (1/3)
[2017-07-11 16:01:27] Mapping left_kept_reads.m2g_um_seg2 to genome segment_juncs with Bowtie2 (2/3)
[2017-07-11 16:01:29] Mapping left_kept_reads.m2g_um_seg3 to genome segment_juncs with Bowtie2 (3/3)
[2017-07-11 16:01:31] Joining segment hits
[2017-07-11 16:03:02] Reporting output tracks
-----------------------------------------------
[2017-07-11 16:04:34] A summary of the alignment counts can be found in /Users/Pranav/Documents/Research/AnalysisResults/Align/cell48/align_summary.txt
[2017-07-11 16:04:34] Run complete: 00:11:19 elapsed
