
[2017-07-11 18:23:03] Beginning TopHat run (v2.0.14)
-----------------------------------------------
[2017-07-11 18:23:03] Checking for Bowtie
		  Bowtie version:	 2.3.2.0
[2017-07-11 18:23:03] Checking for Bowtie index files (genome)..
[2017-07-11 18:23:03] Checking for reference FASTA file
[2017-07-11 18:23:03] Generating SAM header for /Users/Pranav/Documents/Research/AnalysisResults/Reference/Mus_musculus_UCSC_mm10/Mus_musculus/UCSC/mm10/Sequence/Bowtie2Index/genome
[2017-07-11 18:23:12] Reading known junctions from GTF file
[2017-07-11 18:23:18] Preparing reads
	 left reads: min. length=39, max. length=76, 2106 kept reads (16 discarded)
[2017-07-11 18:23:18] Building transcriptome data files /Users/Pranav/Documents/Research/AnalysisResults/Align/cell59/tmp/genes
[2017-07-11 18:23:36] Building Bowtie index from genes.fa
[2017-07-11 18:28:59] Mapping left_kept_reads to transcriptome genes with Bowtie2 
[2017-07-11 18:29:01] Resuming TopHat pipeline with unmapped reads
[2017-07-11 18:29:01] Mapping left_kept_reads.m2g_um to genome genome with Bowtie2 
[2017-07-11 18:29:08] Mapping left_kept_reads.m2g_um_seg1 to genome genome with Bowtie2 (1/3)
[2017-07-11 18:29:16] Mapping left_kept_reads.m2g_um_seg2 to genome genome with Bowtie2 (2/3)
[2017-07-11 18:29:24] Mapping left_kept_reads.m2g_um_seg3 to genome genome with Bowtie2 (3/3)
[2017-07-11 18:29:31] Retrieving sequences for splices
[2017-07-11 18:31:07] Indexing splices
[2017-07-11 18:31:18] Mapping left_kept_reads.m2g_um_seg1 to genome segment_juncs with Bowtie2 (1/3)
[2017-07-11 18:31:20] Mapping left_kept_reads.m2g_um_seg2 to genome segment_juncs with Bowtie2 (2/3)
[2017-07-11 18:31:22] Mapping left_kept_reads.m2g_um_seg3 to genome segment_juncs with Bowtie2 (3/3)
[2017-07-11 18:31:24] Joining segment hits
[2017-07-11 18:32:56] Reporting output tracks
-----------------------------------------------
[2017-07-11 18:34:28] A summary of the alignment counts can be found in /Users/Pranav/Documents/Research/AnalysisResults/Align/cell59/align_summary.txt
[2017-07-11 18:34:28] Run complete: 00:11:25 elapsed
