
[2017-07-11 22:00:05] Beginning TopHat run (v2.0.14)
-----------------------------------------------
[2017-07-11 22:00:05] Checking for Bowtie
		  Bowtie version:	 2.3.2.0
[2017-07-11 22:00:05] Checking for Bowtie index files (genome)..
[2017-07-11 22:00:05] Checking for reference FASTA file
[2017-07-11 22:00:05] Generating SAM header for /Users/Pranav/Documents/Research/AnalysisResults/Reference/Mus_musculus_UCSC_mm10/Mus_musculus/UCSC/mm10/Sequence/Bowtie2Index/genome
[2017-07-11 22:00:14] Reading known junctions from GTF file
[2017-07-11 22:00:20] Preparing reads
	 left reads: min. length=38, max. length=76, 1797 kept reads (24 discarded)
[2017-07-11 22:00:20] Building transcriptome data files /Users/Pranav/Documents/Research/AnalysisResults/Align/cell75/tmp/genes
[2017-07-11 22:00:38] Building Bowtie index from genes.fa
[2017-07-11 22:06:06] Mapping left_kept_reads to transcriptome genes with Bowtie2 
[2017-07-11 22:06:08] Resuming TopHat pipeline with unmapped reads
[2017-07-11 22:06:08] Mapping left_kept_reads.m2g_um to genome genome with Bowtie2 
[2017-07-11 22:06:16] Mapping left_kept_reads.m2g_um_seg1 to genome genome with Bowtie2 (1/3)
[2017-07-11 22:06:26] Mapping left_kept_reads.m2g_um_seg2 to genome genome with Bowtie2 (2/3)
[2017-07-11 22:06:35] Mapping left_kept_reads.m2g_um_seg3 to genome genome with Bowtie2 (3/3)
[2017-07-11 22:06:43] Retrieving sequences for splices
[2017-07-11 22:08:19] Indexing splices
[2017-07-11 22:08:30] Mapping left_kept_reads.m2g_um_seg1 to genome segment_juncs with Bowtie2 (1/3)
[2017-07-11 22:08:32] Mapping left_kept_reads.m2g_um_seg2 to genome segment_juncs with Bowtie2 (2/3)
[2017-07-11 22:08:34] Mapping left_kept_reads.m2g_um_seg3 to genome segment_juncs with Bowtie2 (3/3)
[2017-07-11 22:08:36] Joining segment hits
[2017-07-11 22:10:08] Reporting output tracks
-----------------------------------------------
[2017-07-11 22:11:40] A summary of the alignment counts can be found in /Users/Pranav/Documents/Research/AnalysisResults/Align/cell75/align_summary.txt
[2017-07-11 22:11:40] Run complete: 00:11:34 elapsed
