
[2017-07-12 01:11:26] Beginning TopHat run (v2.0.14)
-----------------------------------------------
[2017-07-12 01:11:26] Checking for Bowtie
		  Bowtie version:	 2.3.2.0
[2017-07-12 01:11:26] Checking for Bowtie index files (genome)..
[2017-07-12 01:11:26] Checking for reference FASTA file
[2017-07-12 01:11:26] Generating SAM header for /Users/Pranav/Documents/Research/AnalysisResults/Reference/Mus_musculus_UCSC_mm10/Mus_musculus/UCSC/mm10/Sequence/Bowtie2Index/genome
[2017-07-12 01:11:35] Reading known junctions from GTF file
[2017-07-12 01:11:41] Preparing reads
	 left reads: min. length=32, max. length=76, 7004 kept reads (68 discarded)
[2017-07-12 01:11:41] Building transcriptome data files /Users/Pranav/Documents/Research/AnalysisResults/Align/cell80/tmp/genes
[2017-07-12 01:12:00] Building Bowtie index from genes.fa
[2017-07-12 01:17:26] Mapping left_kept_reads to transcriptome genes with Bowtie2 
[2017-07-12 01:17:27] Resuming TopHat pipeline with unmapped reads
[2017-07-12 01:17:28] Mapping left_kept_reads.m2g_um to genome genome with Bowtie2 
[2017-07-12 01:17:37] Mapping left_kept_reads.m2g_um_seg1 to genome genome with Bowtie2 (1/3)
[2017-07-12 01:17:47] Mapping left_kept_reads.m2g_um_seg2 to genome genome with Bowtie2 (2/3)
[2017-07-12 01:17:57] Mapping left_kept_reads.m2g_um_seg3 to genome genome with Bowtie2 (3/3)
[2017-07-12 01:18:05] Retrieving sequences for splices
[2017-07-12 01:19:41] Indexing splices
[2017-07-12 01:19:52] Mapping left_kept_reads.m2g_um_seg1 to genome segment_juncs with Bowtie2 (1/3)
[2017-07-12 01:19:54] Mapping left_kept_reads.m2g_um_seg2 to genome segment_juncs with Bowtie2 (2/3)
[2017-07-12 01:19:56] Mapping left_kept_reads.m2g_um_seg3 to genome segment_juncs with Bowtie2 (3/3)
[2017-07-12 01:19:58] Joining segment hits
[2017-07-12 01:21:30] Reporting output tracks
-----------------------------------------------
[2017-07-12 01:23:02] A summary of the alignment counts can be found in /Users/Pranav/Documents/Research/AnalysisResults/Align/cell80/align_summary.txt
[2017-07-12 01:23:02] Run complete: 00:11:35 elapsed
