
[2017-07-11 20:51:18] Beginning TopHat run (v2.0.14)
-----------------------------------------------
[2017-07-11 20:51:18] Checking for Bowtie
		  Bowtie version:	 2.3.2.0
[2017-07-11 20:51:18] Checking for Bowtie index files (genome)..
[2017-07-11 20:51:18] Checking for reference FASTA file
[2017-07-11 20:51:18] Generating SAM header for /Users/Pranav/Documents/Research/AnalysisResults/Reference/Mus_musculus_UCSC_mm10/Mus_musculus/UCSC/mm10/Sequence/Bowtie2Index/genome
[2017-07-11 20:51:27] Reading known junctions from GTF file
[2017-07-11 20:51:33] Preparing reads
	 left reads: min. length=52, max. length=76, 441 kept reads (10 discarded)
[2017-07-11 20:51:33] Building transcriptome data files /Users/Pranav/Documents/Research/AnalysisResults/Align/cell70/tmp/genes
[2017-07-11 20:51:51] Building Bowtie index from genes.fa
[2017-07-11 20:57:10] Mapping left_kept_reads to transcriptome genes with Bowtie2 
[2017-07-11 20:57:12] Resuming TopHat pipeline with unmapped reads
[2017-07-11 20:57:12] Mapping left_kept_reads.m2g_um to genome genome with Bowtie2 
[2017-07-11 20:57:19] Mapping left_kept_reads.m2g_um_seg1 to genome genome with Bowtie2 (1/3)
[2017-07-11 20:57:29] Mapping left_kept_reads.m2g_um_seg2 to genome genome with Bowtie2 (2/3)
[2017-07-11 21:09:04] Mapping left_kept_reads.m2g_um_seg3 to genome genome with Bowtie2 (3/3)
[2017-07-11 21:09:13] Retrieving sequences for splices
[2017-07-11 21:10:50] Indexing splices
[2017-07-11 21:11:01] Mapping left_kept_reads.m2g_um_seg1 to genome segment_juncs with Bowtie2 (1/3)
[2017-07-11 21:11:03] Mapping left_kept_reads.m2g_um_seg2 to genome segment_juncs with Bowtie2 (2/3)
[2017-07-11 21:11:05] Mapping left_kept_reads.m2g_um_seg3 to genome segment_juncs with Bowtie2 (3/3)
[2017-07-11 21:11:07] Joining segment hits
[2017-07-11 21:12:39] Reporting output tracks
-----------------------------------------------
[2017-07-11 21:14:11] A summary of the alignment counts can be found in /Users/Pranav/Documents/Research/AnalysisResults/Align/cell70/align_summary.txt
[2017-07-11 21:14:11] Run complete: 00:22:52 elapsed
