
[2017-07-11 22:11:40] Beginning TopHat run (v2.0.14)
-----------------------------------------------
[2017-07-11 22:11:40] Checking for Bowtie
		  Bowtie version:	 2.3.2.0
[2017-07-11 22:11:40] Checking for Bowtie index files (genome)..
[2017-07-11 22:11:40] Checking for reference FASTA file
[2017-07-11 22:11:40] Generating SAM header for /Users/Pranav/Documents/Research/AnalysisResults/Reference/Mus_musculus_UCSC_mm10/Mus_musculus/UCSC/mm10/Sequence/Bowtie2Index/genome
[2017-07-11 22:11:49] Reading known junctions from GTF file
[2017-07-11 22:11:55] Preparing reads
	 left reads: min. length=32, max. length=76, 23412 kept reads (191 discarded)
[2017-07-11 22:11:56] Building transcriptome data files /Users/Pranav/Documents/Research/AnalysisResults/Align/cell76/tmp/genes
[2017-07-11 22:12:15] Building Bowtie index from genes.fa
[2017-07-11 22:17:39] Mapping left_kept_reads to transcriptome genes with Bowtie2 
[2017-07-11 22:17:41] Resuming TopHat pipeline with unmapped reads
[2017-07-11 22:17:41] Mapping left_kept_reads.m2g_um to genome genome with Bowtie2 
[2017-07-11 22:17:50] Mapping left_kept_reads.m2g_um_seg1 to genome genome with Bowtie2 (1/3)
[2017-07-11 22:18:00] Mapping left_kept_reads.m2g_um_seg2 to genome genome with Bowtie2 (2/3)
[2017-07-11 22:18:08] Mapping left_kept_reads.m2g_um_seg3 to genome genome with Bowtie2 (3/3)
[2017-07-11 22:18:17] Retrieving sequences for splices
[2017-07-11 22:19:52] Indexing splices
[2017-07-11 22:20:03] Mapping left_kept_reads.m2g_um_seg1 to genome segment_juncs with Bowtie2 (1/3)
[2017-07-11 22:20:05] Mapping left_kept_reads.m2g_um_seg2 to genome segment_juncs with Bowtie2 (2/3)
[2017-07-11 22:20:08] Mapping left_kept_reads.m2g_um_seg3 to genome segment_juncs with Bowtie2 (3/3)
[2017-07-11 22:20:10] Joining segment hits
[2017-07-11 22:21:41] Reporting output tracks
-----------------------------------------------
[2017-07-11 22:23:14] A summary of the alignment counts can be found in /Users/Pranav/Documents/Research/AnalysisResults/Align/cell76/align_summary.txt
[2017-07-11 22:23:14] Run complete: 00:11:33 elapsed
