
[2017-07-11 11:43:40] Beginning TopHat run (v2.0.14)
-----------------------------------------------
[2017-07-11 11:43:40] Checking for Bowtie
		  Bowtie version:	 2.3.2.0
[2017-07-11 11:43:40] Checking for Bowtie index files (genome)..
[2017-07-11 11:43:40] Checking for reference FASTA file
[2017-07-11 11:43:40] Generating SAM header for /Users/Pranav/Documents/Research/AnalysisResults/Reference/Mus_musculus_UCSC_mm10/Mus_musculus/UCSC/mm10/Sequence/Bowtie2Index/genome
[2017-07-11 11:43:49] Reading known junctions from GTF file
[2017-07-11 11:43:55] Preparing reads
	 left reads: min. length=71, max. length=76, 1854 kept reads (17 discarded)
[2017-07-11 11:43:55] Building transcriptome data files /Users/Pranav/Documents/Research/AnalysisResults/Align/cell27/tmp/genes
[2017-07-11 11:44:13] Building Bowtie index from genes.fa
[2017-07-11 11:50:17] Mapping left_kept_reads to transcriptome genes with Bowtie2 
[2017-07-11 11:50:21] Resuming TopHat pipeline with unmapped reads
[2017-07-11 11:50:21] Mapping left_kept_reads.m2g_um to genome genome with Bowtie2 
[2017-07-11 11:50:33] Mapping left_kept_reads.m2g_um_seg1 to genome genome with Bowtie2 (1/3)
[2017-07-11 11:50:43] Mapping left_kept_reads.m2g_um_seg2 to genome genome with Bowtie2 (2/3)
[2017-07-11 11:50:55] Mapping left_kept_reads.m2g_um_seg3 to genome genome with Bowtie2 (3/3)
[2017-07-11 11:51:05] Retrieving sequences for splices
[2017-07-11 11:52:57] Indexing splices
[2017-07-11 11:53:10] Mapping left_kept_reads.m2g_um_seg1 to genome segment_juncs with Bowtie2 (1/3)
[2017-07-11 11:53:12] Mapping left_kept_reads.m2g_um_seg2 to genome segment_juncs with Bowtie2 (2/3)
[2017-07-11 11:53:15] Mapping left_kept_reads.m2g_um_seg3 to genome segment_juncs with Bowtie2 (3/3)
[2017-07-11 11:53:17] Joining segment hits
[2017-07-11 11:55:01] Reporting output tracks
-----------------------------------------------
[2017-07-11 11:56:37] A summary of the alignment counts can be found in /Users/Pranav/Documents/Research/AnalysisResults/Align/cell27/align_summary.txt
[2017-07-11 11:56:37] Run complete: 00:12:57 elapsed
